#
# A fatal error has been detected by the Java Runtime Environment:
#
#  EXCEPTION_STACK_OVERFLOW (0xc00000fd) at pc=0x00000000080b5077, pid=10544, tid=0x0000000000002e28
#
# JRE version: Java(TM) SE Runtime Environment (8.0_241-b07) (build 1.8.0_241-b07)
# Java VM: Java HotSpot(TM) 64-Bit Server VM (25.241-b07 mixed mode windows-amd64 compressed oops)
# Problematic frame:
# V  [jvm.dll+0x215077]
#
# Failed to write core dump. Minidumps are not enabled by default on client versions of Windows
#
# If you would like to submit a bug report, please visit:
#   http://bugreport.java.com/bugreport/crash.jsp
#

---------------  T H R E A D  ---------------

Current thread (0x000000005e59d000):  JavaThread "RMI TCP Connection(idle)" daemon [_thread_in_vm, id=11816, stack(0x0000000061bd0000,0x0000000061cd0000)]

siginfo: ExceptionCode=0xc00000fd, ExceptionInformation=0x0000000000000001 0x0000000061ccbf80 

Registers:
RAX=0x0000000061ccbf80, RBX=0x0000000000000004, RCX=0x0000000000003000, RDX=0x0000000000000006
RSP=0x0000000061ccef80, RBP=0x0000000000000000, RSI=0x0000000061ccef80, RDI=0x0000000000000004
R8 =0x0000000000000006, R9 =0x000000005be79500, R10=0x000000005777e2f0, R11=0x0000000061bda148
R12=0x000000005be79500, R13=0x000000005e59d000, R14=0x0000000061ccf048, R15=0x000000005777e2f0
RIP=0x00000000080b5077, EFLAGS=0x0000000000010202

Top of Stack: (sp=0x0000000061ccef80)
0x0000000061ccef80:   000000005bd01900 0000000017756c48
0x0000000061ccef90:   000000005e59d000 000000005be79500
0x0000000061ccefa0:   00000000ffffffff 00000000080b5fa7
0x0000000061ccefb0:   0000000061ccf0b0 000000005777e2f0
0x0000000061ccefc0:   000000005e59d000 0000000007f610e3
0x0000000061ccefd0:   0000000061ccf010 000000005e59d000
0x0000000061ccefe0:   0000000061ccf0a0 000000005e59d000
0x0000000061cceff0:   000000005777e2f0 000000005e59d000
0x0000000061ccf000:   0000000008763bc0 000000005e59d000
0x0000000061ccf010:   000000005777e2f0 000000005e59d000
0x0000000061ccf020:   000000005777e2f0 000000005e59d000
0x0000000061ccf030:   0000000000000001 000000005777e2f0
0x0000000061ccf040:   000000005e59d000 000000005bd44110
0x0000000061ccf050:   000000005e59d000 0000000007f6284d
0x0000000061ccf060:   0000000061ccf368 0000000017756c48
0x0000000061ccf070:   0000000017756c48 000000005ac20470 

Instructions: (pc=0x00000000080b5077)
0x00000000080b5057:   48 89 6c 24 30 33 ed 66 90 e8 3b 5c 08 00 ff c3
0x00000000080b5067:   48 63 c8 48 8b c6 48 0f af cf 48 ff c7 48 2b c1
0x00000000080b5077:   89 28 48 63 c3 48 3b 05 25 08 5a 00 7e db 48 8b
0x00000000080b5087:   6c 24 30 48 8b 5c 24 38 48 8b 74 24 40 48 83 c4 


Register to memory mapping:

RAX=0x0000000061ccbf80 is pointing into the stack for thread: 0x000000005e59d000
RBX=0x0000000000000004 is an unknown value
RCX=0x0000000000003000 is an unknown value
RDX=0x0000000000000006 is an unknown value
RSP=0x0000000061ccef80 is pointing into the stack for thread: 0x000000005e59d000
RBP=0x0000000000000000 is an unknown value
RSI=0x0000000061ccef80 is pointing into the stack for thread: 0x000000005e59d000
RDI=0x0000000000000004 is an unknown value
R8 =0x0000000000000006 is an unknown value
R9 =0x000000005be79500 is an unknown value
R10={method} {0x000000005777e2f8} 'run' '()V' in 'java/lang/Thread'
R11=0x0000000061bda148 is pointing into the stack for thread: 0x000000005e59d000
R12=0x000000005be79500 is an unknown value
R13=0x000000005e59d000 is a thread
R14=0x0000000061ccf048 is pointing into the stack for thread: 0x000000005e59d000
R15={method} {0x000000005777e2f8} 'run' '()V' in 'java/lang/Thread'


Stack: [0x0000000061bd0000,0x0000000061cd0000],  sp=0x0000000061ccef80,  free space=1019k
Native frames: (J=compiled Java code, j=interpreted, Vv=VM code, C=native code)


---------------  P R O C E S S  ---------------

Java Threads: ( => current thread )
=>0x000000005e59d000 JavaThread "RMI TCP Connection(idle)" daemon [_thread_in_vm, id=11816, stack(0x0000000061bd0000,0x0000000061cd0000)]
  0x000000005bdfb000 JavaThread "JMX server connection timeout 62" daemon [_thread_blocked, id=15824, stack(0x0000000061a90000,0x0000000061b90000)]
  0x000000005bdfa000 JavaThread "JMX server connection timeout 61" daemon [_thread_blocked, id=14252, stack(0x0000000061920000,0x0000000061a20000)]
  0x000000005bdf9800 JavaThread "RMI TCP Connection(2)-192.168.199.175" daemon [_thread_in_vm, id=14064, stack(0x0000000061780000,0x0000000061880000)]
  0x000000005bdf8800 JavaThread "DestroyJavaVM" [_thread_blocked, id=15408, stack(0x00000000026b0000,0x00000000027b0000)]
  0x000000005bdf8000 JavaThread "http-nio-80-Acceptor-0" daemon [_thread_in_native, id=14728, stack(0x00000000615d0000,0x00000000616d0000)]
  0x000000005bdf7000 JavaThread "http-nio-80-ClientPoller-1" daemon [_thread_in_native, id=7036, stack(0x0000000061410000,0x0000000061510000)]
  0x000000005bdf6800 JavaThread "http-nio-80-ClientPoller-0" daemon [_thread_in_native, id=8356, stack(0x00000000612f0000,0x00000000613f0000)]
  0x000000005bdf5800 JavaThread "http-nio-80-exec-10" daemon [_thread_blocked, id=16536, stack(0x0000000060690000,0x0000000060790000)]
  0x000000005bdf5000 JavaThread "http-nio-80-exec-9" daemon [_thread_blocked, id=16456, stack(0x00000000610d0000,0x00000000611d0000)]
  0x000000005bdf4000 JavaThread "http-nio-80-exec-8" daemon [_thread_blocked, id=15604, stack(0x0000000060eb0000,0x0000000060fb0000)]
  0x000000005bdf3800 JavaThread "http-nio-80-exec-7" daemon [_thread_blocked, id=15048, stack(0x0000000060b80000,0x0000000060c80000)]
  0x000000005bdf2800 JavaThread "http-nio-80-exec-6" daemon [_thread_blocked, id=10596, stack(0x0000000060da0000,0x0000000060ea0000)]
  0x000000005bdf2000 JavaThread "http-nio-80-exec-5" daemon [_thread_blocked, id=15972, stack(0x0000000060ca0000,0x0000000060da0000)]
  0x000000005bdf1000 JavaThread "http-nio-80-exec-4" daemon [_thread_blocked, id=7360, stack(0x0000000060a00000,0x0000000060b00000)]
  0x000000005bdf0800 JavaThread "http-nio-80-exec-3" daemon [_thread_blocked, id=8076, stack(0x00000000608e0000,0x00000000609e0000)]
  0x000000005bdef800 JavaThread "http-nio-80-exec-2" daemon [_thread_blocked, id=17308, stack(0x00000000607c0000,0x00000000608c0000)]
  0x000000005bdef000 JavaThread "http-nio-80-exec-1" daemon [_thread_blocked, id=15320, stack(0x000000005fe50000,0x000000005ff50000)]
  0x000000005bdee000 JavaThread "NioBlockingSelector.BlockPoller-1" daemon [_thread_in_native, id=16160, stack(0x0000000060580000,0x0000000060680000)]
  0x000000005bdec800 JavaThread "DiscoveryClient-0" daemon [_thread_blocked, id=9760, stack(0x000000005c6f0000,0x000000005c7f0000)]
  0x000000005bded800 JavaThread "AsyncResolver-bootstrap-0" daemon [_thread_blocked, id=16696, stack(0x000000005ffd0000,0x00000000600d0000)]
  0x000000005bdec000 JavaThread "Eureka-JerseyClient-Conn-Cleaner2" daemon [_thread_blocked, id=15260, stack(0x000000005c4f0000,0x000000005c5f0000)]
  0x000000005e48c000 JavaThread "File Watcher" daemon [_thread_blocked, id=11900, stack(0x000000005f930000,0x000000005fa30000)]
  0x0000000059ea8000 JavaThread "container-0" [_thread_blocked, id=14916, stack(0x000000005f430000,0x000000005f530000)]
  0x0000000059ea3000 JavaThread "Catalina-utility-2" [_thread_blocked, id=15980, stack(0x000000005f2f0000,0x000000005f3f0000)]
  0x00000000596ed800 JavaThread "Catalina-utility-1" [_thread_blocked, id=16928, stack(0x000000005cc10000,0x000000005cd10000)]
  0x0000000059eb7800 JavaThread "spring.cloud.inetutils" daemon [_thread_blocked, id=15856, stack(0x000000005f1c0000,0x000000005f2c0000)]
  0x00000000595b1000 JavaThread "RMI Scheduler(0)" daemon [_thread_blocked, id=14020, stack(0x000000005ced0000,0x000000005cfd0000)]
  0x00000000595cb800 JavaThread "RMI TCP Connection(1)-192.168.199.175" daemon [_thread_in_vm, id=12380, stack(0x000000005cd70000,0x000000005ce70000)]
  0x000000005a1cc800 JavaThread "RMI TCP Accept-0" daemon [_thread_in_native, id=15496, stack(0x000000005b080000,0x000000005b180000)]
  0x0000000059f49000 JavaThread "Service Thread" daemon [_thread_blocked, id=16980, stack(0x000000005ab20000,0x000000005ac20000)]
  0x00000000598df000 JavaThread "C1 CompilerThread2" daemon [_thread_blocked, id=14808, stack(0x000000005a900000,0x000000005aa00000)]
  0x00000000598dd800 JavaThread "C2 CompilerThread1" daemon [_thread_blocked, id=11060, stack(0x000000005a6d0000,0x000000005a7d0000)]
  0x0000000059e01000 JavaThread "C2 CompilerThread0" daemon [_thread_blocked, id=14396, stack(0x00000000598f0000,0x00000000599f0000)]
  0x0000000059dd8800 JavaThread "Monitor Ctrl-Break" daemon [_thread_in_native, id=17252, stack(0x000000005a4f0000,0x000000005a5f0000)]
  0x00000000594f3000 JavaThread "Attach Listener" daemon [_thread_blocked, id=11300, stack(0x0000000059bf0000,0x0000000059cf0000)]
  0x00000000594f2800 JavaThread "Signal Dispatcher" daemon [_thread_blocked, id=11796, stack(0x0000000059ab0000,0x0000000059bb0000)]
  0x0000000007da2800 JavaThread "Finalizer" daemon [_thread_blocked, id=15588, stack(0x00000000593e0000,0x00000000594e0000)]
  0x0000000007d9b800 JavaThread "Reference Handler" daemon [_thread_blocked, id=1904, stack(0x00000000591f0000,0x00000000592f0000)]

Other Threads:
  0x0000000007d53800 VMThread [stack: 0x0000000059020000,0x0000000059120000] [id=16860]
  0x000000005a1d4000 WatcherThread [stack: 0x000000005b1f0000,0x000000005b2f0000] [id=17296]

VM state:not at safepoint (normal execution)

VM Mutex/Monitor currently owned by a thread: None

heap address: 0x0000000081200000, size: 2030 MB, Compressed Oops mode: 32-bit
Narrow klass base: 0x0000000000000000, Narrow klass shift: 0
Compressed class space size: 1073741824 Address: 0x0000000017750000

Heap:
 PSYoungGen      total 237568K, used 81803K [0x00000000d5b80000, 0x00000000eea00000, 0x0000000100000000)
  eden space 225280K, 30% used [0x00000000d5b80000,0x00000000d9f67f98,0x00000000e3780000)
  from space 12288K, 99% used [0x00000000e4b80000,0x00000000e577aef8,0x00000000e5780000)
  to   space 20480K, 0% used [0x00000000e3780000,0x00000000e3780000,0x00000000e4b80000)
 ParOldGen       total 87040K, used 28742K [0x0000000081200000, 0x0000000086700000, 0x00000000d5b80000)
  object space 87040K, 33% used [0x0000000081200000,0x0000000082e11970,0x0000000086700000)
 Metaspace       used 47151K, capacity 49733K, committed 49792K, reserved 1091584K
  class space    used 6548K, capacity 7040K, committed 7040K, reserved 1048576K

Card table byte_map: [0x0000000002d60000,0x0000000003160000] byte_map_base: 0x0000000002957000

Marking Bits: (ParMarkBitMap*) 0x00000000086cbe30
 Begin Bits: [0x0000000003850000, 0x0000000005808000)
 End Bits:   [0x0000000005808000, 0x00000000077c0000)

Polling page: 0x0000000000150000

CodeCache: size=245760Kb used=9758Kb max_used=9758Kb free=236001Kb
 bounds [0x0000000008750000, 0x00000000090e0000, 0x0000000017750000]
 total_blobs=5336 nmethods=4829 adapters=419
 compilation: enabled

Compilation events (10 events):
Event: 6.979 Thread 0x00000000598df000 nmethod 4838 0x00000000088a3ed0 code [0x00000000088a4020, 0x00000000088a41a8]
Event: 6.979 Thread 0x00000000598df000 4839       1       java.lang.reflect.Executable::hasRealParameterData (17 bytes)
Event: 6.980 Thread 0x00000000598df000 nmethod 4839 0x00000000088a3bd0 code [0x00000000088a3d20, 0x00000000088a3e68]
Event: 6.980 Thread 0x00000000598df000 4840       1       com.fasterxml.jackson.databind.introspect.AnnotatedParameter::getOwner (5 bytes)
Event: 6.980 Thread 0x00000000598df000 nmethod 4840 0x00000000088a3910 code [0x00000000088a3a60, 0x00000000088a3b70]
Event: 6.980 Thread 0x00000000598df000 4841       1       com.fasterxml.jackson.databind.introspect.AnnotationCollector$NoAnnotations::get (2 bytes)
Event: 6.980 Thread 0x00000000598df000 nmethod 4841 0x00000000088a3650 code [0x00000000088a37a0, 0x00000000088a38b0]
Event: 6.980 Thread 0x00000000598df000 4842       1       com.fasterxml.jackson.databind.introspect.BasicBeanDescription::getClassInfo (5 bytes)
Event: 6.980 Thread 0x00000000598df000 nmethod 4842 0x00000000088a3390 code [0x00000000088a34e0, 0x00000000088a35f0]
Event: 6.981 Thread 0x00000000598df000 4843       1       com.fasterxml.jackson.databind.type.TypeFactory::_fromAny (284 bytes)

GC Heap History (10 events):
Event: 2.882 GC heap before
{Heap before GC invocations=6 (full 1):
 PSYoungGen      total 138240K, used 133120K [0x00000000d5b80000, 0x00000000de780000, 0x0000000100000000)
  eden space 133120K, 100% used [0x00000000d5b80000,0x00000000ddd80000,0x00000000ddd80000)
  from space 5120K, 0% used [0x00000000de280000,0x00000000de280000,0x00000000de780000)
  to   space 5120K, 0% used [0x00000000ddd80000,0x00000000ddd80000,0x00000000de280000)
 ParOldGen       total 57344K, used 10485K [0x0000000081200000, 0x0000000084a00000, 0x00000000d5b80000)
  object space 57344K, 18% used [0x0000000081200000,0x0000000081c3d418,0x0000000084a00000)
 Metaspace       used 25146K, capacity 26186K, committed 26240K, reserved 1071104K
  class space    used 3399K, capacity 3659K, committed 3712K, reserved 1048576K
Event: 2.889 GC heap after
Heap after GC invocations=6 (full 1):
 PSYoungGen      total 138240K, used 5097K [0x00000000d5b80000, 0x00000000e5780000, 0x0000000100000000)
  eden space 133120K, 0% used [0x00000000d5b80000,0x00000000d5b80000,0x00000000ddd80000)
  from space 5120K, 99% used [0x00000000ddd80000,0x00000000de27a5b8,0x00000000de280000)
  to   space 12288K, 0% used [0x00000000e4b80000,0x00000000e4b80000,0x00000000e5780000)
 ParOldGen       total 57344K, used 14859K [0x0000000081200000, 0x0000000084a00000, 0x00000000d5b80000)
  object space 57344K, 25% used [0x0000000081200000,0x0000000082082f68,0x0000000084a00000)
 Metaspace       used 25146K, capacity 26186K, committed 26240K, reserved 1071104K
  class space    used 3399K, capacity 3659K, committed 3712K, reserved 1048576K
}
Event: 3.575 GC heap before
{Heap before GC invocations=7 (full 1):
 PSYoungGen      total 138240K, used 138217K [0x00000000d5b80000, 0x00000000e5780000, 0x0000000100000000)
  eden space 133120K, 100% used [0x00000000d5b80000,0x00000000ddd80000,0x00000000ddd80000)
  from space 5120K, 99% used [0x00000000ddd80000,0x00000000de27a5b8,0x00000000de280000)
  to   space 12288K, 0% used [0x00000000e4b80000,0x00000000e4b80000,0x00000000e5780000)
 ParOldGen       total 57344K, used 14859K [0x0000000081200000, 0x0000000084a00000, 0x00000000d5b80000)
  object space 57344K, 25% used [0x0000000081200000,0x0000000082082f68,0x0000000084a00000)
 Metaspace       used 29109K, capacity 30258K, committed 30464K, reserved 1075200K
  class space    used 3973K, capacity 4238K, committed 4352K, reserved 1048576K
Event: 3.585 GC heap after
Heap after GC invocations=7 (full 1):
 PSYoungGen      total 239104K, used 12276K [0x00000000d5b80000, 0x00000000e5780000, 0x0000000100000000)
  eden space 226816K, 0% used [0x00000000d5b80000,0x00000000d5b80000,0x00000000e3900000)
  from space 12288K, 99% used [0x00000000e4b80000,0x00000000e577d180,0x00000000e5780000)
  to   space 13824K, 0% used [0x00000000e3c80000,0x00000000e3c80000,0x00000000e4a00000)
 ParOldGen       total 57344K, used 15092K [0x0000000081200000, 0x0000000084a00000, 0x00000000d5b80000)
  object space 57344K, 26% used [0x0000000081200000,0x00000000820bd060,0x0000000084a00000)
 Metaspace       used 29109K, capacity 30258K, committed 30464K, reserved 1075200K
  class space    used 3973K, capacity 4238K, committed 4352K, reserved 1048576K
}
Event: 4.227 GC heap before
{Heap before GC invocations=8 (full 1):
 PSYoungGen      total 239104K, used 125833K [0x00000000d5b80000, 0x00000000e5780000, 0x0000000100000000)
  eden space 226816K, 50% used [0x00000000d5b80000,0x00000000dca65340,0x00000000e3900000)
  from space 12288K, 99% used [0x00000000e4b80000,0x00000000e577d180,0x00000000e5780000)
  to   space 13824K, 0% used [0x00000000e3c80000,0x00000000e3c80000,0x00000000e4a00000)
 ParOldGen       total 57344K, used 15092K [0x0000000081200000, 0x0000000084a00000, 0x00000000d5b80000)
  object space 57344K, 26% used [0x0000000081200000,0x00000000820bd060,0x0000000084a00000)
 Metaspace       used 33751K, capacity 35379K, committed 35496K, reserved 1079296K
  class space    used 4575K, capacity 4864K, committed 4864K, reserved 1048576K
Event: 4.241 GC heap after
Heap after GC invocations=8 (full 1):
 PSYoungGen      total 240640K, used 13793K [0x00000000d5b80000, 0x00000000e5780000, 0x0000000100000000)
  eden space 226816K, 0% used [0x00000000d5b80000,0x00000000d5b80000,0x00000000e3900000)
  from space 13824K, 99% used [0x00000000e3c80000,0x00000000e49f8468,0x00000000e4a00000)
  to   space 12288K, 0% used [0x00000000e4b80000,0x00000000e4b80000,0x00000000e5780000)
 ParOldGen       total 57344K, used 21470K [0x0000000081200000, 0x0000000084a00000, 0x00000000d5b80000)
  object space 57344K, 37% used [0x0000000081200000,0x00000000826f7958,0x0000000084a00000)
 Metaspace       used 33751K, capacity 35379K, committed 35496K, reserved 1079296K
  class space    used 4575K, capacity 4864K, committed 4864K, reserved 1048576K
}
Event: 4.241 GC heap before
{Heap before GC invocations=9 (full 2):
 PSYoungGen      total 240640K, used 13793K [0x00000000d5b80000, 0x00000000e5780000, 0x0000000100000000)
  eden space 226816K, 0% used [0x00000000d5b80000,0x00000000d5b80000,0x00000000e3900000)
  from space 13824K, 99% used [0x00000000e3c80000,0x00000000e49f8468,0x00000000e4a00000)
  to   space 12288K, 0% used [0x00000000e4b80000,0x00000000e4b80000,0x00000000e5780000)
 ParOldGen       total 57344K, used 21470K [0x0000000081200000, 0x0000000084a00000, 0x00000000d5b80000)
  object space 57344K, 37% used [0x0000000081200000,0x00000000826f7958,0x0000000084a00000)
 Metaspace       used 33751K, capacity 35379K, committed 35496K, reserved 1079296K
  class space    used 4575K, capacity 4864K, committed 4864K, reserved 1048576K
Event: 4.314 GC heap after
Heap after GC invocations=9 (full 2):
 PSYoungGen      total 240640K, used 0K [0x00000000d5b80000, 0x00000000e5780000, 0x0000000100000000)
  eden space 226816K, 0% used [0x00000000d5b80000,0x00000000d5b80000,0x00000000e3900000)
  from space 13824K, 0% used [0x00000000e3c80000,0x00000000e3c80000,0x00000000e4a00000)
  to   space 12288K, 0% used [0x00000000e4b80000,0x00000000e4b80000,0x00000000e5780000)
 ParOldGen       total 87040K, used 25078K [0x0000000081200000, 0x0000000086700000, 0x00000000d5b80000)
  object space 87040K, 28% used [0x0000000081200000,0x0000000082a7d930,0x0000000086700000)
 Metaspace       used 33751K, capacity 35379K, committed 35496K, reserved 1079296K
  class space    used 4575K, capacity 4864K, committed 4864K, reserved 1048576K
}
Event: 6.108 GC heap before
{Heap before GC invocations=10 (full 2):
 PSYoungGen      total 240640K, used 226816K [0x00000000d5b80000, 0x00000000e5780000, 0x0000000100000000)
  eden space 226816K, 100% used [0x00000000d5b80000,0x00000000e3900000,0x00000000e3900000)
  from space 13824K, 0% used [0x00000000e3c80000,0x00000000e3c80000,0x00000000e4a00000)
  to   space 12288K, 0% used [0x00000000e4b80000,0x00000000e4b80000,0x00000000e5780000)
 ParOldGen       total 87040K, used 25078K [0x0000000081200000, 0x0000000086700000, 0x00000000d5b80000)
  object space 87040K, 28% used [0x0000000081200000,0x0000000082a7d930,0x0000000086700000)
 Metaspace       used 43502K, capacity 45773K, committed 45952K, reserved 1089536K
  class space    used 6010K, capacity 6454K, committed 6528K, reserved 1048576K
Event: 6.121 GC heap after
Heap after GC invocations=10 (full 2):
 PSYoungGen      total 237568K, used 12267K [0x00000000d5b80000, 0x00000000eea00000, 0x0000000100000000)
  eden space 225280K, 0% used [0x00000000d5b80000,0x00000000d5b80000,0x00000000e3780000)
  from space 12288K, 99% used [0x00000000e4b80000,0x00000000e577aef8,0x00000000e5780000)
  to   space 20480K, 0% used [0x00000000e3780000,0x00000000e3780000,0x00000000e4b80000)
 ParOldGen       total 87040K, used 28742K [0x0000000081200000, 0x0000000086700000, 0x00000000d5b80000)
  object space 87040K, 33% used [0x0000000081200000,0x0000000082e11970,0x0000000086700000)
 Metaspace       used 43502K, capacity 45773K, committed 45952K, reserved 1089536K
  class space    used 6010K, capacity 6454K, committed 6528K, reserved 1048576K
}

Deoptimization events (0 events):
No events

Classes redefined (0 events):
No events

Internal exceptions (10 events):
Event: 6.156 Thread 0x000000005a4d4800 Exception <a 'java/lang/ArrayIndexOutOfBoundsException'> (0x00000000d66fd688) thrown at [C:\ade\jenkins\workspace\8-2-build-windows-amd64-cygwin\jdk8u241\331\hotspot\src\share\vm\runtime\sharedRuntime.cpp, line 605]
Event: 6.380 Thread 0x000000005a4d4800 Exception <a 'java/lang/ArrayIndexOutOfBoundsException'> (0x00000000d7e94de0) thrown at [C:\ade\jenkins\workspace\8-2-build-windows-amd64-cygwin\jdk8u241\331\hotspot\src\share\vm\runtime\sharedRuntime.cpp, line 605]
Event: 6.426 Thread 0x000000005a4d4800 Exception <a 'java/lang/ArrayIndexOutOfBoundsException'> (0x00000000d83ba618) thrown at [C:\ade\jenkins\workspace\8-2-build-windows-amd64-cygwin\jdk8u241\331\hotspot\src\share\vm\runtime\sharedRuntime.cpp, line 605]
Event: 6.966 Thread 0x000000005bdf9800 Exception <a 'java/lang/ArrayIndexOutOfBoundsException'> (0x00000000d9b32250) thrown at [C:\ade\jenkins\workspace\8-2-build-windows-amd64-cygwin\jdk8u241\331\hotspot\src\share\vm\runtime\sharedRuntime.cpp, line 605]
Event: 6.971 Thread 0x00000000595cb800 Exception <a 'java/lang/ArrayIndexOutOfBoundsException'> (0x00000000d9cd4620) thrown at [C:\ade\jenkins\workspace\8-2-build-windows-amd64-cygwin\jdk8u241\331\hotspot\src\share\vm\runtime\sharedRuntime.cpp, line 605]
Event: 6.975 Thread 0x00000000595cb800 Exception <a 'java/lang/ArrayIndexOutOfBoundsException'> (0x00000000d9e1e0b0) thrown at [C:\ade\jenkins\workspace\8-2-build-windows-amd64-cygwin\jdk8u241\331\hotspot\src\share\vm\runtime\sharedRuntime.cpp, line 605]
Event: 6.975 Thread 0x00000000595cb800 Exception <a 'java/lang/ArrayIndexOutOfBoundsException'> (0x00000000d9e1fed8) thrown at [C:\ade\jenkins\workspace\8-2-build-windows-amd64-cygwin\jdk8u241\331\hotspot\src\share\vm\runtime\sharedRuntime.cpp, line 605]
Event: 6.977 Thread 0x00000000595cb800 Exception <a 'java/lang/ArrayIndexOutOfBoundsException'> (0x00000000d9e21f58) thrown at [C:\ade\jenkins\workspace\8-2-build-windows-amd64-cygwin\jdk8u241\331\hotspot\src\share\vm\runtime\sharedRuntime.cpp, line 605]
Event: 6.977 Thread 0x00000000595cb800 Exception <a 'java/lang/ArrayIndexOutOfBoundsException'> (0x00000000d9e250b8) thrown at [C:\ade\jenkins\workspace\8-2-build-windows-amd64-cygwin\jdk8u241\331\hotspot\src\share\vm\runtime\sharedRuntime.cpp, line 605]
Event: 6.977 Thread 0x00000000595cb800 Exception <a 'java/lang/ArrayIndexOutOfBoundsException'> (0x00000000d9e26978) thrown at [C:\ade\jenkins\workspace\8-2-build-windows-amd64-cygwin\jdk8u241\331\hotspot\src\share\vm\runtime\sharedRuntime.cpp, line 605]

Events (10 events):
Event: 6.980 loading class com/fasterxml/jackson/databind/ser/std/NumberSerializers$1 done
Event: 6.980 Thread 0x000000005e59d000 Thread added: 0x000000005e59d000
Event: 6.980 loading class com/fasterxml/jackson/databind/ser/impl/PropertySerializerMap$Double
Event: 6.980 loading class com/fasterxml/jackson/databind/ser/impl/PropertySerializerMap$Double done
Event: 6.980 loading class com/fasterxml/jackson/databind/ser/std/StdKeySerializers$Dynamic
Event: 6.980 loading class com/fasterxml/jackson/databind/ser/std/StdKeySerializers$Dynamic done
Event: 6.981 loading class com/fasterxml/jackson/databind/ser/impl/IndexedListSerializer
Event: 6.981 loading class com/fasterxml/jackson/databind/ser/impl/IndexedListSerializer done
Event: 6.982 loading class com/fasterxml/jackson/databind/ser/std/AsArraySerializerBase
Event: 6.982 loading class com/fasterxml/jackson/databind/ser/std/AsArraySerializerBase done


Dynamic libraries:
0x000000013fa50000 - 0x000000013fa87000 	D:\itool\work\java\jdk\bin\java.exe
0x0000000077ba0000 - 0x0000000077d49000 	C:\windows\SYSTEM32\ntdll.dll
0x0000000077a80000 - 0x0000000077b9f000 	C:\windows\system32\kernel32.dll
0x000007fefdba0000 - 0x000007fefdc0c000 	C:\windows\system32\KERNELBASE.dll
0x000007feff370000 - 0x000007feff44b000 	C:\windows\system32\ADVAPI32.dll
0x000007feffb80000 - 0x000007feffc1f000 	C:\windows\system32\msvcrt.dll
0x000007feffc20000 - 0x000007feffc3f000 	C:\windows\SYSTEM32\sechost.dll
0x000007feff720000 - 0x000007feff84d000 	C:\windows\system32\RPCRT4.dll
0x0000000077840000 - 0x000000007793a000 	C:\windows\system32\USER32.dll
0x000007feff300000 - 0x000007feff367000 	C:\windows\system32\GDI32.dll
0x000007feffc40000 - 0x000007feffc4e000 	C:\windows\system32\LPK.dll
0x000007feffa20000 - 0x000007feffaea000 	C:\windows\system32\USP10.dll
0x000007fefc080000 - 0x000007fefc274000 	C:\windows\WinSxS\amd64_microsoft.windows.common-controls_6595b64144ccf1df_6.0.7601.18837_none_fa3b1e3d17594757\COMCTL32.dll
0x000007feffe30000 - 0x000007feffea1000 	C:\windows\system32\SHLWAPI.dll
0x000007feff9f0000 - 0x000007feffa1e000 	C:\windows\system32\IMM32.DLL
0x000007fefdf30000 - 0x000007fefe039000 	C:\windows\system32\MSCTF.dll
0x0000000078a30000 - 0x0000000078b02000 	D:\itool\work\java\jdk\jre\bin\msvcr100.dll
0x0000000007ea0000 - 0x000000000874c000 	D:\itool\work\java\jdk\jre\bin\server\jvm.dll
0x000007fef5500000 - 0x000007fef5509000 	C:\windows\system32\WSOCK32.dll
0x000007feff6d0000 - 0x000007feff71d000 	C:\windows\system32\WS2_32.dll
0x000007feff6c0000 - 0x000007feff6c8000 	C:\windows\system32\NSI.dll
0x000007fefdc10000 - 0x000007fefdc4b000 	C:\windows\system32\WINMM.dll
0x000007fefd450000 - 0x000007fefd45c000 	C:\windows\system32\VERSION.dll
0x0000000077d70000 - 0x0000000077d77000 	C:\windows\system32\PSAPI.DLL
0x000007fefc030000 - 0x000007fefc03f000 	D:\itool\work\java\jdk\jre\bin\verify.dll
0x000007feec5d0000 - 0x000007feec5f9000 	D:\itool\work\java\jdk\jre\bin\java.dll
0x000007feebad0000 - 0x000007feebaf3000 	D:\itool\work\java\jdk\jre\bin\instrument.dll
0x000007fef4880000 - 0x000007fef4896000 	D:\itool\work\java\jdk\jre\bin\zip.dll
0x000007fefe4d0000 - 0x000007feff259000 	C:\windows\system32\SHELL32.dll
0x000007fefdd20000 - 0x000007fefdf23000 	C:\windows\system32\ole32.dll
0x000007fefd870000 - 0x000007fefd87f000 	C:\windows\system32\profapi.dll
0x000007feec610000 - 0x000007feec62a000 	D:\itool\work\idea\IntelliJ IDEA 2019.3.1\bin\breakgen64.dll
0x000007fef48f0000 - 0x000007fef490a000 	D:\itool\work\java\jdk\jre\bin\net.dll
0x000007fefd030000 - 0x000007fefd085000 	C:\windows\system32\mswsock.dll
0x000007fefd020000 - 0x000007fefd027000 	C:\windows\System32\wship6.dll
0x000007fefca10000 - 0x000007fefca17000 	C:\windows\System32\wshtcpip.dll
0x000007fefceb0000 - 0x000007fefcf0b000 	C:\windows\system32\DNSAPI.dll
0x000000006e4c0000 - 0x000000006e4e6000 	C:\Program Files\Bonjour\mdnsNSP.dll
0x000007fefa6e0000 - 0x000007fefa707000 	C:\windows\system32\Iphlpapi.DLL
0x000007fefa6d0000 - 0x000007fefa6db000 	C:\windows\system32\WINNSI.DLL
0x000007fefb7a0000 - 0x000007fefb7a8000 	C:\windows\system32\rasadhlp.dll
0x000007fef9300000 - 0x000007fef9353000 	C:\windows\System32\fwpuclnt.dll
0x000007fefc020000 - 0x000007fefc02d000 	D:\itool\work\java\jdk\jre\bin\management.dll
0x000007feec580000 - 0x000007feec592000 	D:\itool\work\java\jdk\jre\bin\nio.dll
0x000007fefd090000 - 0x000007fefd0a8000 	C:\windows\system32\CRYPTSP.dll
0x000007fefcd90000 - 0x000007fefcdd7000 	C:\windows\system32\rsaenh.dll
0x000007fefcb50000 - 0x000007fefcb6e000 	C:\windows\system32\USERENV.dll
0x000007fefd7a0000 - 0x000007fefd7af000 	C:\windows\system32\CRYPTBASE.dll
0x000007fef9280000 - 0x000007fef9298000 	C:\windows\system32\dhcpcsvc.DLL
0x000007fef9240000 - 0x000007fef9251000 	C:\windows\system32\dhcpcsvc6.DLL
0x000007fefb4f0000 - 0x000007fefb505000 	C:\windows\system32\NLAapi.dll
0x000007fef44f0000 - 0x000007fef4505000 	C:\windows\system32\napinsp.dll
0x000007fef44d0000 - 0x000007fef44e9000 	C:\windows\system32\pnrpnsp.dll
0x000007fef44c0000 - 0x000007fef44cb000 	C:\windows\System32\winrnr.dll
0x000007feebaa0000 - 0x000007feebac4000 	D:\itool\work\java\jdk\jre\bin\sunec.dll

VM Arguments:
jvm_args: -XX:TieredStopAtLevel=1 -Xverify:none -Dspring.output.ansi.enabled=always -Dcom.sun.management.jmxremote -Dspring.jmx.enabled=true -Dspring.liveBeansView.mbeanDomain -Dspring.application.admin.enabled=true -javaagent:D:\itool\work\idea\IntelliJ IDEA 2019.3.1\lib\idea_rt.jar=64003:D:\itool\work\idea\IntelliJ IDEA 2019.3.1\bin -Dfile.encoding=UTF-8 
java_command: com.SpringCloudConsumerApplication
java_class_path (initial): D:\itool\work\java\jdk\jre\lib\charsets.jar;D:\itool\work\java\jdk\jre\lib\deploy.jar;D:\itool\work\java\jdk\jre\lib\ext\access-bridge-64.jar;D:\itool\work\java\jdk\jre\lib\ext\cldrdata.jar;D:\itool\work\java\jdk\jre\lib\ext\dnsns.jar;D:\itool\work\java\jdk\jre\lib\ext\jaccess.jar;D:\itool\work\java\jdk\jre\lib\ext\jfxrt.jar;D:\itool\work\java\jdk\jre\lib\ext\localedata.jar;D:\itool\work\java\jdk\jre\lib\ext\nashorn.jar;D:\itool\work\java\jdk\jre\lib\ext\sunec.jar;D:\itool\work\java\jdk\jre\lib\ext\sunjce_provider.jar;D:\itool\work\java\jdk\jre\lib\ext\sunmscapi.jar;D:\itool\work\java\jdk\jre\lib\ext\sunpkcs11.jar;D:\itool\work\java\jdk\jre\lib\ext\zipfs.jar;D:\itool\work\java\jdk\jre\lib\javaws.jar;D:\itool\work\java\jdk\jre\lib\jce.jar;D:\itool\work\java\jdk\jre\lib\jfr.jar;D:\itool\work\java\jdk\jre\lib\jfxswt.jar;D:\itool\work\java\jdk\jre\lib\jsse.jar;D:\itool\work\java\jdk\jre\lib\management-agent.jar;D:\itool\work\java\jdk\jre\lib\plugin.jar;D:\itool\work\java\jdk\jre\lib\resources.jar;D:\itool\work\java\jdk\jre\lib\rt.jar;F:\ideaProject\SpringCloud\springcloud-consumer-dept-feign-80\target\classes;F:\ideaProject\SpringCloud\springcloud-api\target\classes;C:\Users\Administrator\.m2\repository\org\projectlombok\lombok\1.16.18\lombok-1.16.18.jar;C:\Users\Administrator\.m2\repository\junit\junit\4.12\junit-4.12.jar;C:\Users\Administrator\.m2\repository\org\hamcrest\hamcrest-core\1.3\hamcrest-core-1.3.jar;C:\Users\Administrator\.m2\repository\org\springframework\boot\spring-boot-starter-web\2.1.4.RELEASE\spring-boot-starter-web-2.1.4.RELEASE.jar;C:\Users\Administrator\.m2\repository\org\springframework\boot\spring-boot-starter\2.1.4.RELEASE\spring-boot-starter-2.1.4.RELEASE.jar;C:\Users\Administrator\.m2\repository\org\springframework\boot\spring-boot-starter-logging\2.1.4.RELEASE\spring-boot-starter-logging-2.1.4.RELEASE.jar;C:\Users\Administrator\.m2\repository\ch\qos\logback\logback-classic\1.2.3\logback-classic-1.2.3.jar;C:\Users\
Launcher Type: SUN_STANDARD

Environment Variables:
JAVA_HOME=D:\itool\work\java\jdk
CLASSPATH=.;D:\itool\work\java\jdk\lib;D:\itool\work\java\jdk\lib\tools.jar
PATH=C:\Program Files (x86)\Common Files\Oracle\Java\javapath;D:\itool\work\Xshell6\;C:\windows\system32;C:\windows;C:\windows\System32\Wbem;C:\windows\System32\WindowsPowerShell\v1.0\D:\itool\work\java\jdk\bin;D:\itool\work\java\jdk\bin;D:\itool\work\java\jdk\jre\bin;D:\itool\work\maven\apache-maven-3.3.9\bin;F:\tomcat\apache-tomcat-7.0.94\bin;F:\tomcat\apache-tomcat-7.0.94\lib;D:\itool\work\mysql\bin;D:\itool\work\node\;D:\itool\work\RabbitMQ\erlang\erl10.5\bin;D:\itool\work\RabbitMQ\rabbitmq\rabbitmq_server-3.8.2\sbin;F:\tomcat\apache-tomcat-7.0.94\bin;E:\PHP2222\AppServ\Apache2.2\bin;E:\PHP2222\AppServ\php5;E:\PHP2222\AppServ\MySQL\bin;C:\Users\Administrator\AppData\Local\BypassRuntm;C:\Users\Administrator\AppData\Roaming\npm;D:\itool\work\idea\IntelliJ IDEA 2019.3.1\bin;
USERNAME=Administrator
OS=Windows_NT
PROCESSOR_IDENTIFIER=Intel64 Family 6 Model 94 Stepping 3, GenuineIntel



---------------  S Y S T E M  ---------------

OS: Windows 7 , 64 bit Build 7601 (6.1.7601.19110)

CPU:total 4 (initial active 4) (4 cores per cpu, 1 threads per core) family 6 model 94 stepping 3, cmov, cx8, fxsr, mmx, sse, sse2, sse3, ssse3, sse4.1, sse4.2, popcnt, avx, avx2, aes, clmul, erms, rtm, 3dnowpref, lzcnt, tsc, tscinvbit, bmi1, bmi2, adx

Memory: 4k page, physical 8307472k(737972k free), swap 12499940k(3968k free)

vm_info: Java HotSpot(TM) 64-Bit Server VM (25.241-b07) for windows-amd64 JRE (1.8.0_241-b07), built on Dec 11 2019 10:21:40 by "rejava" with MS VC++ 10.0 (VS2010)

time: Thu Jul 16 18:20:36 2020
timezone: 中国标准时间
elapsed time: 6 seconds (0d 0h 0m 6s)

