#
# There is insufficient memory for the Java Runtime Environment to continue.
# Native memory allocation (malloc) failed to allocate 1517616 bytes for Chunk::new
# Possible reasons:
#   The system is out of physical RAM or swap space
#   The process is running with CompressedOops enabled, and the Java Heap may be blocking the growth of the native heap
# Possible solutions:
#   Reduce memory load on the system
#   Increase physical memory or swap space
#   Check if swap backing store is full
#   Decrease Java heap size (-Xmx/-Xms)
#   Decrease number of Java threads
#   Decrease Java thread stack sizes (-Xss)
#   Set larger code cache with -XX:ReservedCodeCacheSize=
#   JVM is running with Unscaled Compressed Oops mode in which the Java heap is
#     placed in the first 4GB address space. The Java Heap base address is the
#     maximum limit for the native heap growth. Please use -XX:HeapBaseMinAddress
#     to set the Java Heap base and to place the Java Heap above 4GB virtual address.
# This output file may be truncated or incomplete.
#
#  Out of Memory Error (allocation.cpp:389), pid=13512, tid=0x0000000000002158
#
# JRE version: Java(TM) SE Runtime Environment (8.0_241-b07) (build 1.8.0_241-b07)
# Java VM: Java HotSpot(TM) 64-Bit Server VM (25.241-b07 mixed mode windows-amd64 compressed oops)
# Failed to write core dump. Minidumps are not enabled by default on client versions of Windows
#

---------------  T H R E A D  ---------------

Current thread (0x0000000059fc8000):  JavaThread "C2 CompilerThread1" daemon [_thread_in_native, id=8536, stack(0x000000005a970000,0x000000005aa70000)]

Stack: [0x000000005a970000,0x000000005aa70000]
[error occurred during error reporting (printing stack bounds), id 0xc0000005]

Native frames: (J=compiled Java code, j=interpreted, Vv=VM code, C=native code)


Current CompileTask:
C2:   6909 4798   !   4       org.springframework.core.annotation.AnnotationUtils::findAnnotation (171 bytes)


---------------  P R O C E S S  ---------------

Java Threads: ( => current thread )
  0x000000005d6af000 JavaThread "container-0" [_thread_blocked, id=10836, stack(0x00000000617c0000,0x00000000618c0000)]
  0x000000005bda8800 JavaThread "Catalina-utility-2" [_thread_blocked, id=11276, stack(0x0000000060fc0000,0x00000000610c0000)]
  0x000000005bda7800 JavaThread "Catalina-utility-1" [_thread_blocked, id=11308, stack(0x000000005a860000,0x000000005a960000)]
  0x000000005f8e7800 JavaThread "spring.cloud.inetutils" daemon [_thread_blocked, id=11368, stack(0x000000005c260000,0x000000005c360000)]
  0x000000005ed74000 JavaThread "Keep-Alive-Timer" daemon [_thread_blocked, id=13748, stack(0x000000005e670000,0x000000005e770000)]
  0x000000005ba25800 JavaThread "restartedMain" [_thread_blocked, id=11584, stack(0x000000005aec0000,0x000000005afc0000)]
  0x000000005b5b4800 JavaThread "Thread-0" [_thread_blocked, id=8092, stack(0x000000005a650000,0x000000005a750000)]
  0x0000000059fd1800 JavaThread "Service Thread" daemon [_thread_blocked, id=10404, stack(0x000000005ad10000,0x000000005ae10000)]
  0x0000000059fcd800 JavaThread "C1 CompilerThread2" daemon [_thread_blocked, id=11260, stack(0x000000005ab60000,0x000000005ac60000)]
=>0x0000000059fc8000 JavaThread "C2 CompilerThread1" daemon [_thread_in_native, id=8536, stack(0x000000005a970000,0x000000005aa70000)]
  0x0000000059fc7800 JavaThread "C2 CompilerThread0" daemon [_thread_blocked, id=11208, stack(0x000000005a760000,0x000000005a860000)]
  0x0000000059fc3800 JavaThread "Monitor Ctrl-Break" daemon [_thread_in_native, id=4788, stack(0x0000000059940000,0x0000000059a40000)]
  0x000000005814f000 JavaThread "Attach Listener" daemon [_thread_blocked, id=10000, stack(0x0000000059cd0000,0x0000000059dd0000)]
  0x0000000058149000 JavaThread "Signal Dispatcher" daemon [_thread_blocked, id=8088, stack(0x0000000059ab0000,0x0000000059bb0000)]
  0x0000000058132800 JavaThread "Finalizer" daemon [_thread_blocked, id=9920, stack(0x00000000593f0000,0x00000000594f0000)]
  0x000000005812b000 JavaThread "Reference Handler" daemon [_thread_blocked, id=2620, stack(0x0000000059230000,0x0000000059330000)]
  0x0000000002550000 JavaThread "main" [_thread_blocked, id=14008, stack(0x0000000002940000,0x0000000002a40000)]

Other Threads:
  0x00000000580e3000 VMThread [stack: 0x0000000059100000,0x0000000059200000] [id=6372]
  0x000000005a0c2000 WatcherThread [stack: 0x000000005b070000,0x000000005b170000] [id=9836]

VM state:at safepoint (normal execution)

VM Mutex/Monitor currently owned by a thread:  ([mutex/lock_event])
[0x0000000002548b00] Threads_lock - owner thread: 0x00000000580e3000
[0x0000000002549000] Heap_lock - owner thread: 0x000000005ba25800

heap address: 0x0000000081200000, size: 2030 MB, Compressed Oops mode: 32-bit
Narrow klass base: 0x0000000000000000, Narrow klass shift: 0
Compressed class space size: 1073741824 Address: 0x0000000017750000

Heap:
 PSYoungGen      total 214016K, used 14498K [0x00000000d5b80000, 0x00000000e8380000, 0x0000000100000000)
  eden space 198656K, 0% used [0x00000000d5b80000,0x00000000d5b80000,0x00000000e1d80000)
  from space 15360K, 94% used [0x00000000e7480000,0x00000000e82a8800,0x00000000e8380000)
  to   space 12800K, 0% used [0x00000000e1d80000,0x00000000e1d80000,0x00000000e2a00000)
 ParOldGen       total 77312K, used 21390K [0x0000000081200000, 0x0000000085d80000, 0x00000000d5b80000)
  object space 77312K, 27% used [0x0000000081200000,0x00000000826e3870,0x0000000085d80000)
 Metaspace       used 44474K, capacity 46634K, committed 46720K, reserved 1093632K
  class space    used 5795K, capacity 6217K, committed 6272K, reserved 1048576K

Card table byte_map: [0x0000000002e00000,0x0000000003200000] byte_map_base: 0x00000000029f7000

Marking Bits: (ParMarkBitMap*) 0x00000000086cbe30
 Begin Bits: [0x0000000003ad0000, 0x0000000005a88000)
 End Bits:   [0x0000000005a88000, 0x0000000007a40000)

Polling page: 0x0000000000130000

CodeCache: size=245760Kb used=17357Kb max_used=17380Kb free=228402Kb
 bounds [0x0000000008750000, 0x00000000098a0000, 0x0000000017750000]
 total_blobs=5035 nmethods=4569 adapters=376
 compilation: enabled

Compilation events (10 events):
Event: 6.866 Thread 0x0000000059fcd800 4889   !   3       org.springframework.beans.factory.support.AbstractAutowireCapableBeanFactory::applyPropertyValues (459 bytes)
Event: 6.869 Thread 0x0000000059fcd800 nmethod 4889 0x00000000089dce50 code [0x00000000089dd400, 0x00000000089e1848]
Event: 6.869 Thread 0x0000000059fcd800 4890       3       java.util.concurrent.ConcurrentHashMap$Traverser::advance (188 bytes)
Event: 6.869 Thread 0x0000000059fcd800 nmethod 4890 0x00000000089dbc90 code [0x00000000089dbe80, 0x00000000089dcad8]
Event: 6.872 Thread 0x0000000059fcd800 4891   !   3       com.sun.proxy.$Proxy23::hashCode (32 bytes)
Event: 6.872 Thread 0x0000000059fcd800 nmethod 4891 0x0000000008c59010 code [0x0000000008c591a0, 0x0000000008c59658]
Event: 6.874 Thread 0x0000000059fcd800 4893       3       org.springframework.core.MethodParameter::getParameterAnnotations (97 bytes)
Event: 6.875 Thread 0x0000000059fcd800 nmethod 4893 0x00000000088ea7d0 code [0x00000000088eaa00, 0x00000000088eb7d8]
Event: 6.875 Thread 0x0000000059fcd800 4894       3       org.springframework.beans.factory.support.ConstructorResolver::setCurrentInjectionPoint (32 bytes)
Event: 6.875 Thread 0x0000000059fcd800 nmethod 4894 0x0000000008e5c810 code [0x0000000008e5ca00, 0x0000000008e5d458]

GC Heap History (10 events):
Event: 2.580 GC heap after
Heap after GC invocations=7 (full 1):
 PSYoungGen      total 123392K, used 6073K [0x00000000d5b80000, 0x00000000ded00000, 0x0000000100000000)
  eden space 117248K, 0% used [0x00000000d5b80000,0x00000000d5b80000,0x00000000dce00000)
  from space 6144K, 98% used [0x00000000de700000,0x00000000decee680,0x00000000ded00000)
  to   space 9728K, 0% used [0x00000000dda00000,0x00000000dda00000,0x00000000de380000)
 ParOldGen       total 52224K, used 7525K [0x0000000081200000, 0x0000000084500000, 0x00000000d5b80000)
  object space 52224K, 14% used [0x0000000081200000,0x0000000081959400,0x0000000084500000)
 Metaspace       used 26365K, capacity 27216K, committed 27520K, reserved 1073152K
  class space    used 3424K, capacity 3645K, committed 3712K, reserved 1048576K
}
Event: 3.752 GC heap before
{Heap before GC invocations=8 (full 1):
 PSYoungGen      total 123392K, used 123321K [0x00000000d5b80000, 0x00000000ded00000, 0x0000000100000000)
  eden space 117248K, 100% used [0x00000000d5b80000,0x00000000dce00000,0x00000000dce00000)
  from space 6144K, 98% used [0x00000000de700000,0x00000000decee680,0x00000000ded00000)
  to   space 9728K, 0% used [0x00000000dda00000,0x00000000dda00000,0x00000000de380000)
 ParOldGen       total 52224K, used 7525K [0x0000000081200000, 0x0000000084500000, 0x00000000d5b80000)
  object space 52224K, 14% used [0x0000000081200000,0x0000000081959400,0x0000000084500000)
 Metaspace       used 29336K, capacity 30342K, committed 30464K, reserved 1075200K
  class space    used 3794K, capacity 4013K, committed 4096K, reserved 1048576K
Event: 3.766 GC heap after
Heap after GC invocations=8 (full 1):
 PSYoungGen      total 139264K, used 9516K [0x00000000d5b80000, 0x00000000e3400000, 0x0000000100000000)
  eden space 129536K, 0% used [0x00000000d5b80000,0x00000000d5b80000,0x00000000dda00000)
  from space 9728K, 97% used [0x00000000dda00000,0x00000000de34b048,0x00000000de380000)
  to   space 10240K, 0% used [0x00000000e2a00000,0x00000000e2a00000,0x00000000e3400000)
 ParOldGen       total 52224K, used 7533K [0x0000000081200000, 0x0000000084500000, 0x00000000d5b80000)
  object space 52224K, 14% used [0x0000000081200000,0x000000008195b400,0x0000000084500000)
 Metaspace       used 29336K, capacity 30342K, committed 30464K, reserved 1075200K
  class space    used 3794K, capacity 4013K, committed 4096K, reserved 1048576K
}
Event: 4.596 GC heap before
{Heap before GC invocations=9 (full 1):
 PSYoungGen      total 139264K, used 125532K [0x00000000d5b80000, 0x00000000e3400000, 0x0000000100000000)
  eden space 129536K, 89% used [0x00000000d5b80000,0x00000000dcccc2e8,0x00000000dda00000)
  from space 9728K, 97% used [0x00000000dda00000,0x00000000de34b048,0x00000000de380000)
  to   space 10240K, 0% used [0x00000000e2a00000,0x00000000e2a00000,0x00000000e3400000)
 ParOldGen       total 52224K, used 7533K [0x0000000081200000, 0x0000000084500000, 0x00000000d5b80000)
  object space 52224K, 14% used [0x0000000081200000,0x000000008195b400,0x0000000084500000)
 Metaspace       used 34036K, capacity 35328K, committed 35416K, reserved 1079296K
  class space    used 4413K, capacity 4651K, committed 4736K, reserved 1048576K
Event: 4.607 GC heap after
Heap after GC invocations=9 (full 1):
 PSYoungGen      total 208896K, used 10224K [0x00000000d5b80000, 0x00000000e4880000, 0x0000000100000000)
  eden space 198656K, 0% used [0x00000000d5b80000,0x00000000d5b80000,0x00000000e1d80000)
  from space 10240K, 99% used [0x00000000e2a00000,0x00000000e33fc030,0x00000000e3400000)
  to   space 12800K, 0% used [0x00000000e1d80000,0x00000000e1d80000,0x00000000e2a00000)
 ParOldGen       total 52224K, used 10624K [0x0000000081200000, 0x0000000084500000, 0x00000000d5b80000)
  object space 52224K, 20% used [0x0000000081200000,0x0000000081c60128,0x0000000084500000)
 Metaspace       used 34036K, capacity 35328K, committed 35416K, reserved 1079296K
  class space    used 4413K, capacity 4651K, committed 4736K, reserved 1048576K
}
Event: 4.607 GC heap before
{Heap before GC invocations=10 (full 2):
 PSYoungGen      total 208896K, used 10224K [0x00000000d5b80000, 0x00000000e4880000, 0x0000000100000000)
  eden space 198656K, 0% used [0x00000000d5b80000,0x00000000d5b80000,0x00000000e1d80000)
  from space 10240K, 99% used [0x00000000e2a00000,0x00000000e33fc030,0x00000000e3400000)
  to   space 12800K, 0% used [0x00000000e1d80000,0x00000000e1d80000,0x00000000e2a00000)
 ParOldGen       total 52224K, used 10624K [0x0000000081200000, 0x0000000084500000, 0x00000000d5b80000)
  object space 52224K, 20% used [0x0000000081200000,0x0000000081c60128,0x0000000084500000)
 Metaspace       used 34036K, capacity 35328K, committed 35416K, reserved 1079296K
  class space    used 4413K, capacity 4651K, committed 4736K, reserved 1048576K
Event: 4.663 GC heap after
Heap after GC invocations=10 (full 2):
 PSYoungGen      total 208896K, used 0K [0x00000000d5b80000, 0x00000000e4880000, 0x0000000100000000)
  eden space 198656K, 0% used [0x00000000d5b80000,0x00000000d5b80000,0x00000000e1d80000)
  from space 10240K, 0% used [0x00000000e2a00000,0x00000000e2a00000,0x00000000e3400000)
  to   space 12800K, 0% used [0x00000000e1d80000,0x00000000e1d80000,0x00000000e2a00000)
 ParOldGen       total 77312K, used 17738K [0x0000000081200000, 0x0000000085d80000, 0x00000000d5b80000)
  object space 77312K, 22% used [0x0000000081200000,0x0000000082352a80,0x0000000085d80000)
 Metaspace       used 34036K, capacity 35328K, committed 35416K, reserved 1079296K
  class space    used 4413K, capacity 4651K, committed 4736K, reserved 1048576K
}
Event: 6.516 GC heap before
{Heap before GC invocations=11 (full 2):
 PSYoungGen      total 208896K, used 198656K [0x00000000d5b80000, 0x00000000e4880000, 0x0000000100000000)
  eden space 198656K, 100% used [0x00000000d5b80000,0x00000000e1d80000,0x00000000e1d80000)
  from space 10240K, 0% used [0x00000000e2a00000,0x00000000e2a00000,0x00000000e3400000)
  to   space 12800K, 0% used [0x00000000e1d80000,0x00000000e1d80000,0x00000000e2a00000)
 ParOldGen       total 77312K, used 17738K [0x0000000081200000, 0x0000000085d80000, 0x00000000d5b80000)
  object space 77312K, 22% used [0x0000000081200000,0x0000000082352a80,0x0000000085d80000)
 Metaspace       used 42423K, capacity 44296K, committed 44544K, reserved 1087488K
  class space    used 5498K, capacity 5868K, committed 5888K, reserved 1048576K
Event: 6.542 GC heap after
Heap after GC invocations=11 (full 2):
 PSYoungGen      total 211456K, used 12783K [0x00000000d5b80000, 0x00000000e8380000, 0x0000000100000000)
  eden space 198656K, 0% used [0x00000000d5b80000,0x00000000d5b80000,0x00000000e1d80000)
  from space 12800K, 99% used [0x00000000e1d80000,0x00000000e29fbe88,0x00000000e2a00000)
  to   space 15360K, 0% used [0x00000000e7480000,0x00000000e7480000,0x00000000e8380000)
 ParOldGen       total 77312K, used 21382K [0x0000000081200000, 0x0000000085d80000, 0x00000000d5b80000)
  object space 77312K, 27% used [0x0000000081200000,0x00000000826e1870,0x0000000085d80000)
 Metaspace       used 42423K, capacity 44296K, committed 44544K, reserved 1087488K
  class space    used 5498K, capacity 5868K, committed 5888K, reserved 1048576K
}
Event: 6.881 GC heap before
{Heap before GC invocations=12 (full 2):
 PSYoungGen      total 211456K, used 58905K [0x00000000d5b80000, 0x00000000e8380000, 0x0000000100000000)
  eden space 198656K, 23% used [0x00000000d5b80000,0x00000000d888a870,0x00000000e1d80000)
  from space 12800K, 99% used [0x00000000e1d80000,0x00000000e29fbe88,0x00000000e2a00000)
  to   space 15360K, 0% used [0x00000000e7480000,0x00000000e7480000,0x00000000e8380000)
 ParOldGen       total 77312K, used 21382K [0x0000000081200000, 0x0000000085d80000, 0x00000000d5b80000)
  object space 77312K, 27% used [0x0000000081200000,0x00000000826e1870,0x0000000085d80000)
 Metaspace       used 44474K, capacity 46634K, committed 46720K, reserved 1093632K
  class space    used 5795K, capacity 6217K, committed 6272K, reserved 1048576K

Deoptimization events (10 events):
Event: 6.548 Thread 0x0000000059fd1800 Uncommon trap: reason=bimorphic action=maybe_recompile pc=0x0000000008edc7e8 method=java.util.AbstractCollection.containsAll(Ljava/util/Collection;)Z @ 1
Event: 6.548 Thread 0x0000000059fd1800 Uncommon trap: reason=bimorphic action=maybe_recompile pc=0x0000000008edc7e8 method=java.util.AbstractCollection.containsAll(Ljava/util/Collection;)Z @ 1
Event: 6.548 Thread 0x0000000059fd1800 Uncommon trap: reason=bimorphic action=maybe_recompile pc=0x0000000008edc7e8 method=java.util.AbstractCollection.containsAll(Ljava/util/Collection;)Z @ 1
Event: 6.548 Thread 0x0000000059fd1800 Uncommon trap: reason=bimorphic action=maybe_recompile pc=0x0000000008edc7e8 method=java.util.AbstractCollection.containsAll(Ljava/util/Collection;)Z @ 1
Event: 6.599 Thread 0x000000005ba25800 Uncommon trap: reason=unstable_if action=reinterpret pc=0x000000000973bd98 method=java.util.HashMap.putMapEntries(Ljava/util/Map;Z)V @ 53
Event: 6.705 Thread 0x000000005ba25800 Uncommon trap: reason=unstable_if action=reinterpret pc=0x0000000008c78f74 method=org.springframework.beans.factory.support.AbstractBeanFactory.isTypeMatch(Ljava/lang/String;Lorg/springframework/core/ResolvableType;)Z @ 26
Event: 6.737 Thread 0x000000005ba25800 Uncommon trap: reason=unstable_if action=reinterpret pc=0x0000000008c5f2b0 method=org.springframework.beans.factory.support.DefaultSingletonBeanRegistry.getSingleton(Ljava/lang/String;Z)Ljava/lang/Object; @ 43
Event: 6.739 Thread 0x000000005ba25800 Uncommon trap: reason=unstable_if action=reinterpret pc=0x0000000009077324 method=java.io.WinNTFileSystem.isLetter(C)Z @ 3
Event: 6.758 Thread 0x000000005ba25800 Uncommon trap: reason=null_check action=make_not_entrant pc=0x00000000088c04ec method=org.springframework.core.annotation.AnnotatedElementUtils.searchWithFindSemantics(Ljava/lang/reflect/AnnotatedElement;Ljava/util/Set;Ljava/lang/String;Ljava/lang/Class;L
Event: 6.810 Thread 0x000000005ba25800 Uncommon trap: reason=null_check action=make_not_entrant pc=0x0000000009694f9c method=java.lang.reflect.Array.newInstance(Ljava/lang/Class;I)Ljava/lang/Object; @ 2

Classes redefined (0 events):
No events

Internal exceptions (10 events):
Event: 6.204 Thread 0x000000005ba25800 Exception <a 'java/lang/ClassNotFoundException': org/springframework/beans/factory/AwareCustomizer> (0x00000000e09415e0) thrown at [C:\ade\jenkins\workspace\8-2-build-windows-amd64-cygwin\jdk8u241\331\hotspot\src\share\vm\classfile\systemDictionary.cpp, l
Event: 6.205 Thread 0x000000005ba25800 Exception <a 'java/lang/ClassNotFoundException': org/springframework/context/ApplicationContextAwareCustomizer> (0x00000000e0969108) thrown at [C:\ade\jenkins\workspace\8-2-build-windows-amd64-cygwin\jdk8u241\331\hotspot\src\share\vm\classfile\systemDicti
Event: 6.205 Thread 0x000000005ba25800 Exception <a 'java/lang/ClassNotFoundException': org/springframework/beans/factory/AwareCustomizer> (0x00000000e098c658) thrown at [C:\ade\jenkins\workspace\8-2-build-windows-amd64-cygwin\jdk8u241\331\hotspot\src\share\vm\classfile\systemDictionary.cpp, l
Event: 6.206 Thread 0x000000005ba25800 Exception <a 'java/lang/ClassNotFoundException': org/springframework/web/context/ServletContextAwareCustomizer> (0x00000000e09b41a8) thrown at [C:\ade\jenkins\workspace\8-2-build-windows-amd64-cygwin\jdk8u241\331\hotspot\src\share\vm\classfile\systemDicti
Event: 6.206 Thread 0x000000005ba25800 Exception <a 'java/lang/ClassNotFoundException': org/springframework/beans/factory/AwareCustomizer> (0x00000000e09d7168) thrown at [C:\ade\jenkins\workspace\8-2-build-windows-amd64-cygwin\jdk8u241\331\hotspot\src\share\vm\classfile\systemDictionary.cpp, l
Event: 6.206 Thread 0x000000005ba25800 Implicit null exception at 0x0000000008f489bc to 0x0000000008f48b31
Event: 6.236 Thread 0x000000005ba25800 Exception <a 'java/net/BindException': Address already in use: JVM_Bind> (0x00000000e0d58cf0) thrown at [C:\ade\jenkins\workspace\8-2-build-windows-amd64-cygwin\jdk8u241\331\hotspot\src\share\vm\prims\jni.cpp, line 736]
Event: 6.302 Thread 0x000000005ba25800 Implicit null exception at 0x00000000097edb67 to 0x00000000097ef7f9
Event: 6.758 Thread 0x000000005ba25800 Implicit null exception at 0x00000000088be1fa to 0x00000000088c04a5
Event: 6.808 Thread 0x000000005ba25800 Exception <a 'java/lang/NoSuchMethodError': java.lang.Object.lambda$andThen$1(Ljava/util/function/Function;Ljava/lang/Object;)Ljava/lang/Object;> (0x00000000d7f9baf8) thrown at [C:\ade\jenkins\workspace\8-2-build-windows-amd64-cygwin\jdk8u241\331\hotspot\

Events (10 events):
Event: 6.880 loading class com/google/gson/internal/Excluder$1 done
Event: 6.880 loading class com/google/gson/LongSerializationPolicy$1
Event: 6.880 loading class com/google/gson/LongSerializationPolicy$1 done
Event: 6.880 loading class com/google/gson/LongSerializationPolicy$2
Event: 6.880 loading class com/google/gson/LongSerializationPolicy$2 done
Event: 6.881 loading class com/google/gson/JsonElement
Event: 6.881 loading class com/google/gson/JsonElement done
Event: 6.881 loading class com/google/gson/JsonPrimitive
Event: 6.881 loading class com/google/gson/JsonPrimitive done
Event: 6.881 Executing VM operation: CollectForMetadataAllocation


Dynamic libraries:
0x000000013fa50000 - 0x000000013fa87000 	D:\itool\work\java\jdk\bin\java.exe
0x0000000077ba0000 - 0x0000000077d49000 	C:\windows\SYSTEM32\ntdll.dll
0x0000000077a80000 - 0x0000000077b9f000 	C:\windows\system32\kernel32.dll
0x000007fefdba0000 - 0x000007fefdc0c000 	C:\windows\system32\KERNELBASE.dll
0x000007feff370000 - 0x000007feff44b000 	C:\windows\system32\ADVAPI32.dll
0x000007feffb80000 - 0x000007feffc1f000 	C:\windows\system32\msvcrt.dll
0x000007feffc20000 - 0x000007feffc3f000 	C:\windows\SYSTEM32\sechost.dll
0x000007feff720000 - 0x000007feff84d000 	C:\windows\system32\RPCRT4.dll
0x0000000077840000 - 0x000000007793a000 	C:\windows\system32\USER32.dll
0x000007feff300000 - 0x000007feff367000 	C:\windows\system32\GDI32.dll
0x000007feffc40000 - 0x000007feffc4e000 	C:\windows\system32\LPK.dll
0x000007feffa20000 - 0x000007feffaea000 	C:\windows\system32\USP10.dll
0x000007fefc080000 - 0x000007fefc274000 	C:\windows\WinSxS\amd64_microsoft.windows.common-controls_6595b64144ccf1df_6.0.7601.18837_none_fa3b1e3d17594757\COMCTL32.dll
0x000007feffe30000 - 0x000007feffea1000 	C:\windows\system32\SHLWAPI.dll
0x000007feff9f0000 - 0x000007feffa1e000 	C:\windows\system32\IMM32.DLL
0x000007fefdf30000 - 0x000007fefe039000 	C:\windows\system32\MSCTF.dll
0x0000000078a30000 - 0x0000000078b02000 	D:\itool\work\java\jdk\jre\bin\msvcr100.dll
0x0000000007ea0000 - 0x000000000874c000 	D:\itool\work\java\jdk\jre\bin\server\jvm.dll
0x000007fef5500000 - 0x000007fef5509000 	C:\windows\system32\WSOCK32.dll
0x000007feff6d0000 - 0x000007feff71d000 	C:\windows\system32\WS2_32.dll
0x000007feff6c0000 - 0x000007feff6c8000 	C:\windows\system32\NSI.dll
0x000007fefdc10000 - 0x000007fefdc4b000 	C:\windows\system32\WINMM.dll
0x000007fefd450000 - 0x000007fefd45c000 	C:\windows\system32\VERSION.dll
0x0000000077d70000 - 0x0000000077d77000 	C:\windows\system32\PSAPI.DLL
0x000007fefc030000 - 0x000007fefc03f000 	D:\itool\work\java\jdk\jre\bin\verify.dll
0x000007feec5d0000 - 0x000007feec5f9000 	D:\itool\work\java\jdk\jre\bin\java.dll
0x000007feebad0000 - 0x000007feebaf3000 	D:\itool\work\java\jdk\jre\bin\instrument.dll
0x000007fef4880000 - 0x000007fef4896000 	D:\itool\work\java\jdk\jre\bin\zip.dll
0x000007fefe4d0000 - 0x000007feff259000 	C:\windows\system32\SHELL32.dll
0x000007fefdd20000 - 0x000007fefdf23000 	C:\windows\system32\ole32.dll
0x000007fefd870000 - 0x000007fefd87f000 	C:\windows\system32\profapi.dll
0x000007feec610000 - 0x000007feec62a000 	D:\itool\work\idea\IntelliJ IDEA 2019.3.1\bin\breakgen64.dll
0x000007fef48f0000 - 0x000007fef490a000 	D:\itool\work\java\jdk\jre\bin\net.dll
0x000007fefd030000 - 0x000007fefd085000 	C:\windows\system32\mswsock.dll
0x000007fefd020000 - 0x000007fefd027000 	C:\windows\System32\wship6.dll
0x000007fefa6e0000 - 0x000007fefa707000 	C:\windows\system32\IPHLPAPI.DLL
0x000007fefa6d0000 - 0x000007fefa6db000 	C:\windows\system32\WINNSI.DLL
0x000007fef9280000 - 0x000007fef9298000 	C:\windows\system32\dhcpcsvc.DLL
0x000007fef9240000 - 0x000007fef9251000 	C:\windows\system32\dhcpcsvc6.DLL
0x000007fefceb0000 - 0x000007fefcf0b000 	C:\windows\system32\DNSAPI.dll
0x000000006e4c0000 - 0x000000006e4e6000 	C:\Program Files\Bonjour\mdnsNSP.dll
0x000007fefca10000 - 0x000007fefca17000 	C:\windows\System32\wshtcpip.dll
0x000007fefb7a0000 - 0x000007fefb7a8000 	C:\windows\system32\rasadhlp.dll
0x000007fef9300000 - 0x000007fef9353000 	C:\windows\System32\fwpuclnt.dll
0x000007fefc020000 - 0x000007fefc02d000 	D:\itool\work\java\jdk\jre\bin\management.dll
0x000007fefb4f0000 - 0x000007fefb505000 	C:\windows\system32\NLAapi.dll
0x000007fef44f0000 - 0x000007fef4505000 	C:\windows\system32\napinsp.dll
0x000007fef44d0000 - 0x000007fef44e9000 	C:\windows\system32\pnrpnsp.dll
0x000007fef44c0000 - 0x000007fef44cb000 	C:\windows\System32\winrnr.dll
0x000007feec580000 - 0x000007feec592000 	D:\itool\work\java\jdk\jre\bin\nio.dll
0x000007fefd090000 - 0x000007fefd0a8000 	C:\windows\system32\CRYPTSP.dll
0x000007fefcd90000 - 0x000007fefcdd7000 	C:\windows\system32\rsaenh.dll
0x000007fefcb50000 - 0x000007fefcb6e000 	C:\windows\system32\USERENV.dll
0x000007fefd7a0000 - 0x000007fefd7af000 	C:\windows\system32\CRYPTBASE.dll

VM Arguments:
jvm_args: -javaagent:D:\itool\work\idea\IntelliJ IDEA 2019.3.1\lib\idea_rt.jar=54513:D:\itool\work\idea\IntelliJ IDEA 2019.3.1\bin -Dfile.encoding=UTF-8 
java_command: com.SpringCloudConsumerApplication
java_class_path (initial): D:\itool\work\java\jdk\jre\lib\charsets.jar;D:\itool\work\java\jdk\jre\lib\deploy.jar;D:\itool\work\java\jdk\jre\lib\ext\access-bridge-64.jar;D:\itool\work\java\jdk\jre\lib\ext\cldrdata.jar;D:\itool\work\java\jdk\jre\lib\ext\dnsns.jar;D:\itool\work\java\jdk\jre\lib\ext\jaccess.jar;D:\itool\work\java\jdk\jre\lib\ext\jfxrt.jar;D:\itool\work\java\jdk\jre\lib\ext\localedata.jar;D:\itool\work\java\jdk\jre\lib\ext\nashorn.jar;D:\itool\work\java\jdk\jre\lib\ext\sunec.jar;D:\itool\work\java\jdk\jre\lib\ext\sunjce_provider.jar;D:\itool\work\java\jdk\jre\lib\ext\sunmscapi.jar;D:\itool\work\java\jdk\jre\lib\ext\sunpkcs11.jar;D:\itool\work\java\jdk\jre\lib\ext\zipfs.jar;D:\itool\work\java\jdk\jre\lib\javaws.jar;D:\itool\work\java\jdk\jre\lib\jce.jar;D:\itool\work\java\jdk\jre\lib\jfr.jar;D:\itool\work\java\jdk\jre\lib\jfxswt.jar;D:\itool\work\java\jdk\jre\lib\jsse.jar;D:\itool\work\java\jdk\jre\lib\management-agent.jar;D:\itool\work\java\jdk\jre\lib\plugin.jar;D:\itool\work\java\jdk\jre\lib\resources.jar;D:\itool\work\java\jdk\jre\lib\rt.jar;F:\ideaProject\SpringCloud\springcloud-config-dept-feign-80\target\classes;F:\ideaProject\SpringCloud\springcloud-api\target\classes;C:\Users\Administrator\.m2\repository\org\projectlombok\lombok\1.16.18\lombok-1.16.18.jar;C:\Users\Administrator\.m2\repository\junit\junit\4.12\junit-4.12.jar;C:\Users\Administrator\.m2\repository\org\hamcrest\hamcrest-core\1.3\hamcrest-core-1.3.jar;C:\Users\Administrator\.m2\repository\org\springframework\boot\spring-boot-starter-web\2.1.4.RELEASE\spring-boot-starter-web-2.1.4.RELEASE.jar;C:\Users\Administrator\.m2\repository\org\springframework\boot\spring-boot-starter\2.1.4.RELEASE\spring-boot-starter-2.1.4.RELEASE.jar;C:\Users\Administrator\.m2\repository\org\springframework\boot\spring-boot-starter-logging\2.1.4.RELEASE\spring-boot-starter-logging-2.1.4.RELEASE.jar;C:\Users\Administrator\.m2\repository\ch\qos\logback\logback-classic\1.2.3\logback-classic-1.2.3.jar;C:\Users\Ad
Launcher Type: SUN_STANDARD

Environment Variables:
JAVA_HOME=D:\itool\work\java\jdk
CLASSPATH=.;D:\itool\work\java\jdk\lib;D:\itool\work\java\jdk\lib\tools.jar
PATH=C:\Program Files (x86)\Common Files\Oracle\Java\javapath;D:\itool\work\Xshell6\;C:\windows\system32;C:\windows;C:\windows\System32\Wbem;C:\windows\System32\WindowsPowerShell\v1.0\D:\itool\work\java\jdk\bin;D:\itool\work\java\jdk\bin;D:\itool\work\java\jdk\jre\bin;D:\itool\work\maven\apache-maven-3.3.9\bin;F:\tomcat\apache-tomcat-7.0.94\bin;F:\tomcat\apache-tomcat-7.0.94\lib;D:\itool\work\mysql\bin;D:\itool\work\node\;D:\itool\work\RabbitMQ\erlang\erl10.5\bin;D:\itool\work\RabbitMQ\rabbitmq\rabbitmq_server-3.8.2\sbin;F:\tomcat\apache-tomcat-7.0.94\bin;E:\PHP2222\AppServ\Apache2.2\bin;E:\PHP2222\AppServ\php5;E:\PHP2222\AppServ\MySQL\bin;C:\Users\Administrator\AppData\Local\BypassRuntm;C:\Users\Administrator\AppData\Roaming\npm;D:\itool\work\idea\IntelliJ IDEA 2019.3.1\bin;
USERNAME=Administrator
OS=Windows_NT
PROCESSOR_IDENTIFIER=Intel64 Family 6 Model 94 Stepping 3, GenuineIntel



---------------  S Y S T E M  ---------------

OS: Windows 7 , 64 bit Build 7601 (6.1.7601.19110)

CPU:total 4 (initial active 4) (4 cores per cpu, 1 threads per core) family 6 model 94 stepping 3, cmov, cx8, fxsr, mmx, sse, sse2, sse3, ssse3, sse4.1, sse4.2, popcnt, avx, avx2, aes, clmul, erms, rtm, 3dnowpref, lzcnt, tsc, tscinvbit, bmi1, bmi2, adx

Memory: 4k page, physical 8307472k(423752k free), swap 12499940k(6356k free)

vm_info: Java HotSpot(TM) 64-Bit Server VM (25.241-b07) for windows-amd64 JRE (1.8.0_241-b07), built on Dec 11 2019 10:21:40 by "rejava" with MS VC++ 10.0 (VS2010)

time: Thu Jul 16 18:50:20 2020
timezone: 中国标准时间
elapsed time: 6 seconds (0d 0h 0m 6s)

