#
# There is insufficient memory for the Java Runtime Environment to continue.
# Native memory allocation (malloc) failed to allocate 1920592 bytes for Chunk::new
# Possible reasons:
#   The system is out of physical RAM or swap space
#   The process is running with CompressedOops enabled, and the Java Heap may be blocking the growth of the native heap
# Possible solutions:
#   Reduce memory load on the system
#   Increase physical memory or swap space
#   Check if swap backing store is full
#   Decrease Java heap size (-Xmx/-Xms)
#   Decrease number of Java threads
#   Decrease Java thread stack sizes (-Xss)
#   Set larger code cache with -XX:ReservedCodeCacheSize=
#   JVM is running with Unscaled Compressed Oops mode in which the Java heap is
#     placed in the first 4GB address space. The Java Heap base address is the
#     maximum limit for the native heap growth. Please use -XX:HeapBaseMinAddress
#     to set the Java Heap base and to place the Java Heap above 4GB virtual address.
# This output file may be truncated or incomplete.
#
#  Out of Memory Error (allocation.cpp:389), pid=17100, tid=0x000000000000370c
#
# JRE version: Java(TM) SE Runtime Environment (8.0_241-b07) (build 1.8.0_241-b07)
# Java VM: Java HotSpot(TM) 64-Bit Server VM (25.241-b07 mixed mode windows-amd64 compressed oops)
# Failed to write core dump. Minidumps are not enabled by default on client versions of Windows
#

---------------  T H R E A D  ---------------

Current thread (0x0000000059cbb000):  JavaThread "C2 CompilerThread0" daemon [_thread_in_native, id=14092, stack(0x0000000059250000,0x0000000059350000)]

Stack: [0x0000000059250000,0x0000000059350000]
[error occurred during error reporting (printing stack bounds), id 0xc0000005]

Native frames: (J=compiled Java code, j=interpreted, Vv=VM code, C=native code)


Current CompileTask:
C2:   7956 4931   !   4       org.springframework.core.annotation.AnnotatedElementUtils::searchWithFindSemantics (774 bytes)


---------------  P R O C E S S  ---------------

Java Threads: ( => current thread )
  0x000000005a05b000 JavaThread "DestroyJavaVM" [_thread_blocked, id=16072, stack(0x0000000002760000,0x0000000002860000)]
  0x000000005a05a800 JavaThread "http-nio-80-Acceptor-0" daemon [_thread_in_native, id=14668, stack(0x000000005bd20000,0x000000005be20000)]
  0x000000005a059800 JavaThread "http-nio-80-ClientPoller-1" daemon [_thread_in_native, id=13572, stack(0x00000000638f0000,0x00000000639f0000)]
  0x000000005a059000 JavaThread "http-nio-80-ClientPoller-0" daemon [_thread_in_native, id=11096, stack(0x00000000637b0000,0x00000000638b0000)]
  0x000000005a058000 JavaThread "http-nio-80-exec-10" daemon [_thread_blocked, id=15060, stack(0x0000000063510000,0x0000000063610000)]
  0x000000005a057800 JavaThread "http-nio-80-exec-9" daemon [_thread_blocked, id=10556, stack(0x0000000063610000,0x0000000063710000)]
  0x000000005a056800 JavaThread "http-nio-80-exec-8" daemon [_thread_blocked, id=16120, stack(0x0000000063110000,0x0000000063210000)]
  0x000000005a056000 JavaThread "http-nio-80-exec-7" daemon [_thread_blocked, id=16152, stack(0x00000000633e0000,0x00000000634e0000)]
  0x000000005a055000 JavaThread "http-nio-80-exec-6" daemon [_thread_blocked, id=16596, stack(0x0000000063260000,0x0000000063360000)]
  0x000000005a054800 JavaThread "http-nio-80-exec-5" daemon [_thread_blocked, id=16860, stack(0x0000000062fe0000,0x00000000630e0000)]
  0x000000005b957000 JavaThread "http-nio-80-exec-4" daemon [_thread_blocked, id=4336, stack(0x0000000062e60000,0x0000000062f60000)]
  0x000000005b956800 JavaThread "http-nio-80-exec-3" daemon [_thread_blocked, id=16748, stack(0x00000000629a0000,0x0000000062aa0000)]
  0x000000005b955800 JavaThread "http-nio-80-exec-2" daemon [_thread_blocked, id=15544, stack(0x0000000062ce0000,0x0000000062de0000)]
  0x000000005b955000 JavaThread "http-nio-80-exec-1" daemon [_thread_blocked, id=8700, stack(0x0000000062af0000,0x0000000062bf0000)]
  0x000000005b954000 JavaThread "NioBlockingSelector.BlockPoller-1" daemon [_thread_in_native, id=15816, stack(0x00000000613d0000,0x00000000614d0000)]
  0x000000005b952000 JavaThread "File Watcher" daemon [_thread_blocked, id=13512, stack(0x000000005c850000,0x000000005c950000)]
  0x000000005b69f800 JavaThread "container-0" [_thread_blocked, id=16344, stack(0x000000005bad0000,0x000000005bbd0000)]
  0x000000005af79000 JavaThread "Catalina-utility-2" [_thread_blocked, id=15784, stack(0x00000000612b0000,0x00000000613b0000)]
  0x000000005aeac000 JavaThread "Catalina-utility-1" [_thread_blocked, id=17140, stack(0x000000005a620000,0x000000005a720000)]
  0x000000005b90e000 JavaThread "spring.cloud.inetutils" daemon [_thread_blocked, id=15640, stack(0x0000000060f80000,0x0000000061080000)]
  0x000000005df89800 JavaThread "Keep-Alive-Timer" daemon [_thread_blocked, id=15180, stack(0x000000005c000000,0x000000005c100000)]
  0x0000000059d74800 JavaThread "Service Thread" daemon [_thread_blocked, id=14580, stack(0x000000005a9d0000,0x000000005aad0000)]
  0x0000000059cbc800 JavaThread "C1 CompilerThread2" daemon [_thread_blocked, id=9256, stack(0x000000005a720000,0x000000005a820000)]
  0x0000000059cbb800 JavaThread "C2 CompilerThread1" daemon [_thread_in_native, id=16836, stack(0x000000005a500000,0x000000005a600000)]
=>0x0000000059cbb000 JavaThread "C2 CompilerThread0" daemon [_thread_in_native, id=14092, stack(0x0000000059250000,0x0000000059350000)]
  0x0000000059cd6800 JavaThread "Monitor Ctrl-Break" daemon [_thread_in_native, id=15068, stack(0x000000005a340000,0x000000005a440000)]
  0x000000005946f800 JavaThread "Attach Listener" daemon [_thread_blocked, id=15908, stack(0x00000000599d0000,0x0000000059ad0000)]
  0x000000005946c800 JavaThread "Signal Dispatcher" daemon [_thread_blocked, id=15412, stack(0x0000000059890000,0x0000000059990000)]
  0x0000000058134800 JavaThread "Finalizer" daemon [_thread_blocked, id=13252, stack(0x0000000059360000,0x0000000059460000)]
  0x000000005812d000 JavaThread "Reference Handler" daemon [_thread_blocked, id=13048, stack(0x0000000058f30000,0x0000000059030000)]

Other Threads:
  0x00000000580e5000 VMThread [stack: 0x0000000059090000,0x0000000059190000] [id=15892]
  0x0000000059e04000 WatcherThread [stack: 0x000000005a860000,0x000000005a960000] [id=16848]

VM state:not at safepoint (normal execution)

VM Mutex/Monitor currently owned by a thread: None

heap address: 0x0000000081200000, size: 2030 MB, Compressed Oops mode: 32-bit
Narrow klass base: 0x0000000000000000, Narrow klass shift: 0
Compressed class space size: 1073741824 Address: 0x0000000017750000

Heap:
 PSYoungGen      total 233472K, used 89904K [0x00000000d5b80000, 0x00000000e5700000, 0x0000000100000000)
  eden space 221184K, 35% used [0x00000000d5b80000,0x00000000da753b28,0x00000000e3380000)
  from space 12288K, 99% used [0x00000000e3380000,0x00000000e3f786c0,0x00000000e3f80000)
  to   space 9728K, 0% used [0x00000000e3f80000,0x00000000e3f80000,0x00000000e4900000)
 ParOldGen       total 48128K, used 23713K [0x0000000081200000, 0x0000000084100000, 0x00000000d5b80000)
  object space 48128K, 49% used [0x0000000081200000,0x00000000829286f0,0x0000000084100000)
 Metaspace       used 46728K, capacity 49166K, committed 49408K, reserved 1091584K
  class space    used 6142K, capacity 6593K, committed 6656K, reserved 1048576K

Card table byte_map: [0x0000000002c20000,0x0000000003020000] byte_map_base: 0x0000000002817000

Marking Bits: (ParMarkBitMap*) 0x00000000086cbe30
 Begin Bits: [0x0000000003a30000, 0x00000000059e8000)
 End Bits:   [0x00000000059e8000, 0x00000000079a0000)

Polling page: 0x0000000001c60000

CodeCache: size=245760Kb used=16177Kb max_used=16177Kb free=229583Kb
 bounds [0x0000000008750000, 0x0000000009730000, 0x0000000017750000]
 total_blobs=4975 nmethods=4499 adapters=387
 compilation: enabled

Compilation events (10 events):
Event: 7.158 Thread 0x0000000059cbc800 5078       3       io.micrometer.core.instrument.Meter$Id::hashCode (23 bytes)
Event: 7.158 Thread 0x0000000059cbc800 nmethod 5078 0x000000000970fb90 code [0x000000000970fd20, 0x00000000097101d8]
Event: 7.158 Thread 0x0000000059cbc800 5079       1       io.micrometer.core.instrument.Meter$Id::syntheticAssociation (5 bytes)
Event: 7.158 Thread 0x0000000059cbc800 nmethod 5079 0x0000000009716750 code [0x00000000097168a0, 0x00000000097169b0]
Event: 7.162 Thread 0x0000000059cbc800 5080       1       org.springframework.util.ConcurrentReferenceHashMap::access$600 (5 bytes)
Event: 7.162 Thread 0x0000000059cbc800 nmethod 5080 0x000000000970f8d0 code [0x000000000970fa20, 0x000000000970fb10]
Event: 7.872 Thread 0x0000000059cbc800 5081       3       java.io.File::hashCode (8 bytes)
Event: 7.873 Thread 0x0000000059cbc800 nmethod 5081 0x0000000009729cd0 code [0x0000000009729e60, 0x000000000972a1d8]
Event: 7.873 Thread 0x0000000059cbc800 5082       3       java.io.WinNTFileSystem::hashCode (17 bytes)
Event: 7.873 Thread 0x0000000059cbc800 nmethod 5082 0x000000000970f350 code [0x000000000970f4c0, 0x000000000970f7b8]

GC Heap History (10 events):
Event: 2.594 GC heap before
{Heap before GC invocations=7 (full 1):
 PSYoungGen      total 71680K, used 66560K [0x00000000d5b80000, 0x00000000dee80000, 0x0000000100000000)
  eden space 66560K, 100% used [0x00000000d5b80000,0x00000000d9c80000,0x00000000d9c80000)
  from space 5120K, 0% used [0x00000000d9c80000,0x00000000d9c80000,0x00000000da180000)
  to   space 8704K, 0% used [0x00000000de600000,0x00000000de600000,0x00000000dee80000)
 ParOldGen       total 48128K, used 7157K [0x0000000081200000, 0x0000000084100000, 0x00000000d5b80000)
  object space 48128K, 14% used [0x0000000081200000,0x00000000818fd430,0x0000000084100000)
 Metaspace       used 25971K, capacity 26854K, committed 26880K, reserved 1073152K
  class space    used 3361K, capacity 3574K, committed 3584K, reserved 1048576K
Event: 2.600 GC heap after
Heap after GC invocations=7 (full 1):
 PSYoungGen      total 130048K, used 6146K [0x00000000d5b80000, 0x00000000dec80000, 0x0000000100000000)
  eden space 123392K, 0% used [0x00000000d5b80000,0x00000000d5b80000,0x00000000dd400000)
  from space 6656K, 92% used [0x00000000de600000,0x00000000dec009d8,0x00000000dec80000)
  to   space 8704K, 0% used [0x00000000ddb80000,0x00000000ddb80000,0x00000000de400000)
 ParOldGen       total 48128K, used 7165K [0x0000000081200000, 0x0000000084100000, 0x00000000d5b80000)
  object space 48128K, 14% used [0x0000000081200000,0x00000000818ff430,0x0000000084100000)
 Metaspace       used 25971K, capacity 26854K, committed 26880K, reserved 1073152K
  class space    used 3361K, capacity 3574K, committed 3584K, reserved 1048576K
}
Event: 3.745 GC heap before
{Heap before GC invocations=8 (full 1):
 PSYoungGen      total 130048K, used 129538K [0x00000000d5b80000, 0x00000000dec80000, 0x0000000100000000)
  eden space 123392K, 100% used [0x00000000d5b80000,0x00000000dd400000,0x00000000dd400000)
  from space 6656K, 92% used [0x00000000de600000,0x00000000dec009d8,0x00000000dec80000)
  to   space 8704K, 0% used [0x00000000ddb80000,0x00000000ddb80000,0x00000000de400000)
 ParOldGen       total 48128K, used 7165K [0x0000000081200000, 0x0000000084100000, 0x00000000d5b80000)
  object space 48128K, 14% used [0x0000000081200000,0x00000000818ff430,0x0000000084100000)
 Metaspace       used 29378K, capacity 30410K, committed 30720K, reserved 1075200K
  class space    used 3795K, capacity 4013K, committed 4096K, reserved 1048576K
Event: 3.753 GC heap after
Heap after GC invocations=8 (full 1):
 PSYoungGen      total 139776K, used 8675K [0x00000000d5b80000, 0x00000000e4900000, 0x0000000100000000)
  eden space 131072K, 0% used [0x00000000d5b80000,0x00000000d5b80000,0x00000000ddb80000)
  from space 8704K, 99% used [0x00000000ddb80000,0x00000000de3f8f08,0x00000000de400000)
  to   space 9728K, 0% used [0x00000000e3f80000,0x00000000e3f80000,0x00000000e4900000)
 ParOldGen       total 48128K, used 8024K [0x0000000081200000, 0x0000000084100000, 0x00000000d5b80000)
  object space 48128K, 16% used [0x0000000081200000,0x00000000819d6218,0x0000000084100000)
 Metaspace       used 29378K, capacity 30410K, committed 30720K, reserved 1075200K
  class space    used 3795K, capacity 4013K, committed 4096K, reserved 1048576K
}
Event: 4.603 GC heap before
{Heap before GC invocations=9 (full 1):
 PSYoungGen      total 139776K, used 123829K [0x00000000d5b80000, 0x00000000e4900000, 0x0000000100000000)
  eden space 131072K, 87% used [0x00000000d5b80000,0x00000000dcbf47b8,0x00000000ddb80000)
  from space 8704K, 99% used [0x00000000ddb80000,0x00000000de3f8f08,0x00000000de400000)
  to   space 9728K, 0% used [0x00000000e3f80000,0x00000000e3f80000,0x00000000e4900000)
 ParOldGen       total 48128K, used 8024K [0x0000000081200000, 0x0000000084100000, 0x00000000d5b80000)
  object space 48128K, 16% used [0x0000000081200000,0x00000000819d6218,0x0000000084100000)
 Metaspace       used 34062K, capacity 35330K, committed 35416K, reserved 1079296K
  class space    used 4412K, capacity 4650K, committed 4736K, reserved 1048576K
Event: 4.615 GC heap after
Heap after GC invocations=9 (full 1):
 PSYoungGen      total 230912K, used 9700K [0x00000000d5b80000, 0x00000000e5700000, 0x0000000100000000)
  eden space 221184K, 0% used [0x00000000d5b80000,0x00000000d5b80000,0x00000000e3380000)
  from space 9728K, 99% used [0x00000000e3f80000,0x00000000e48f9040,0x00000000e4900000)
  to   space 12288K, 0% used [0x00000000e3380000,0x00000000e3380000,0x00000000e3f80000)
 ParOldGen       total 48128K, used 11259K [0x0000000081200000, 0x0000000084100000, 0x00000000d5b80000)
  object space 48128K, 23% used [0x0000000081200000,0x0000000081cfef70,0x0000000084100000)
 Metaspace       used 34062K, capacity 35330K, committed 35416K, reserved 1079296K
  class space    used 4412K, capacity 4650K, committed 4736K, reserved 1048576K
}
Event: 4.615 GC heap before
{Heap before GC invocations=10 (full 2):
 PSYoungGen      total 230912K, used 9700K [0x00000000d5b80000, 0x00000000e5700000, 0x0000000100000000)
  eden space 221184K, 0% used [0x00000000d5b80000,0x00000000d5b80000,0x00000000e3380000)
  from space 9728K, 99% used [0x00000000e3f80000,0x00000000e48f9040,0x00000000e4900000)
  to   space 12288K, 0% used [0x00000000e3380000,0x00000000e3380000,0x00000000e3f80000)
 ParOldGen       total 48128K, used 11259K [0x0000000081200000, 0x0000000084100000, 0x00000000d5b80000)
  object space 48128K, 23% used [0x0000000081200000,0x0000000081cfef70,0x0000000084100000)
 Metaspace       used 34062K, capacity 35330K, committed 35416K, reserved 1079296K
  class space    used 4412K, capacity 4650K, committed 4736K, reserved 1048576K
Event: 4.670 GC heap after
Heap after GC invocations=10 (full 2):
 PSYoungGen      total 230912K, used 0K [0x00000000d5b80000, 0x00000000e5700000, 0x0000000100000000)
  eden space 221184K, 0% used [0x00000000d5b80000,0x00000000d5b80000,0x00000000e3380000)
  from space 9728K, 0% used [0x00000000e3f80000,0x00000000e3f80000,0x00000000e4900000)
  to   space 12288K, 0% used [0x00000000e3380000,0x00000000e3380000,0x00000000e3f80000)
 ParOldGen       total 48128K, used 17655K [0x0000000081200000, 0x0000000084100000, 0x00000000d5b80000)
  object space 48128K, 36% used [0x0000000081200000,0x000000008233df50,0x0000000084100000)
 Metaspace       used 34062K, capacity 35330K, committed 35416K, reserved 1079296K
  class space    used 4412K, capacity 4650K, committed 4736K, reserved 1048576K
}
Event: 6.634 GC heap before
{Heap before GC invocations=11 (full 2):
 PSYoungGen      total 230912K, used 221184K [0x00000000d5b80000, 0x00000000e5700000, 0x0000000100000000)
  eden space 221184K, 100% used [0x00000000d5b80000,0x00000000e3380000,0x00000000e3380000)
  from space 9728K, 0% used [0x00000000e3f80000,0x00000000e3f80000,0x00000000e4900000)
  to   space 12288K, 0% used [0x00000000e3380000,0x00000000e3380000,0x00000000e3f80000)
 ParOldGen       total 48128K, used 17655K [0x0000000081200000, 0x0000000084100000, 0x00000000d5b80000)
  object space 48128K, 36% used [0x0000000081200000,0x000000008233df50,0x0000000084100000)
 Metaspace       used 43649K, capacity 45666K, committed 45824K, reserved 1089536K
  class space    used 5666K, capacity 6073K, committed 6144K, reserved 1048576K
Event: 6.662 GC heap after
Heap after GC invocations=11 (full 2):
 PSYoungGen      total 233472K, used 12257K [0x00000000d5b80000, 0x00000000e5700000, 0x0000000100000000)
  eden space 221184K, 0% used [0x00000000d5b80000,0x00000000d5b80000,0x00000000e3380000)
  from space 12288K, 99% used [0x00000000e3380000,0x00000000e3f786c0,0x00000000e3f80000)
  to   space 9728K, 0% used [0x00000000e3f80000,0x00000000e3f80000,0x00000000e4900000)
 ParOldGen       total 48128K, used 23713K [0x0000000081200000, 0x0000000084100000, 0x00000000d5b80000)
  object space 48128K, 49% used [0x0000000081200000,0x00000000829286f0,0x0000000084100000)
 Metaspace       used 43649K, capacity 45666K, committed 45824K, reserved 1089536K
  class space    used 5666K, capacity 6073K, committed 6144K, reserved 1048576K
}

Deoptimization events (10 events):
Event: 6.771 Thread 0x000000005b34f000 Uncommon trap: reason=class_check action=maybe_recompile pc=0x0000000008998e50 method=java.util.HashMap.computeIfAbsent(Ljava/lang/Object;Ljava/util/function/Function;)Ljava/lang/Object; @ 142
Event: 6.771 Thread 0x000000005b34f000 Uncommon trap: reason=class_check action=maybe_recompile pc=0x0000000008998e50 method=java.util.HashMap.computeIfAbsent(Ljava/lang/Object;Ljava/util/function/Function;)Ljava/lang/Object; @ 142
Event: 6.888 Thread 0x000000005b34f000 Uncommon trap: reason=bimorphic action=maybe_recompile pc=0x000000000966ad60 method=org.springframework.cglib.core.CodeEmitter.push(I)V @ 55
Event: 6.888 Thread 0x000000005b34f000 Uncommon trap: reason=bimorphic action=maybe_recompile pc=0x000000000966ad60 method=org.springframework.cglib.core.CodeEmitter.push(I)V @ 55
Event: 6.888 Thread 0x000000005b34f000 Uncommon trap: reason=bimorphic action=maybe_recompile pc=0x000000000966ad60 method=org.springframework.cglib.core.CodeEmitter.push(I)V @ 55
Event: 6.985 Thread 0x000000005b34f000 Uncommon trap: reason=class_check action=maybe_recompile pc=0x0000000008959f84 method=java.lang.String.equals(Ljava/lang/Object;)Z @ 8
Event: 6.986 Thread 0x000000005b34f000 Uncommon trap: reason=class_check action=maybe_recompile pc=0x0000000008959f84 method=java.lang.String.equals(Ljava/lang/Object;)Z @ 8
Event: 6.986 Thread 0x000000005b34f000 Uncommon trap: reason=class_check action=maybe_recompile pc=0x0000000008959f84 method=java.lang.String.equals(Ljava/lang/Object;)Z @ 8
Event: 7.115 Thread 0x000000005b34f000 Uncommon trap: reason=class_check action=maybe_recompile pc=0x0000000008f5d4c4 method=java.util.AbstractList$Itr.hasNext()Z @ 8
Event: 7.115 Thread 0x000000005b34f000 Uncommon trap: reason=class_check action=maybe_recompile pc=0x0000000008f69bf4 method=java.util.AbstractList$Itr.next()Ljava/lang/Object; @ 14

Classes redefined (0 events):
No events

Internal exceptions (10 events):
Event: 7.010 Thread 0x000000005b34f000 Exception <a 'java/lang/ClassNotFoundException': org/springframework/beans/factory/DisposableBeanCustomizer> (0x00000000d8b8a608) thrown at [C:\ade\jenkins\workspace\8-2-build-windows-amd64-cygwin\jdk8u241\331\hotspot\src\share\vm\classfile\systemDictiona
Event: 7.013 Thread 0x000000005b34f000 Exception <a 'java/lang/ClassNotFoundException': java/lang/ObjectCustomizer> (0x00000000d8babb20) thrown at [C:\ade\jenkins\workspace\8-2-build-windows-amd64-cygwin\jdk8u241\331\hotspot\src\share\vm\classfile\systemDictionary.cpp, line 210]
Event: 7.013 Thread 0x000000005b34f000 Exception <a 'java/lang/ClassNotFoundException': org/springframework/cloud/context/properties/ConfigurationPropertiesRebinderCustomizer> (0x00000000d8be0db0) thrown at [C:\ade\jenkins\workspace\8-2-build-windows-amd64-cygwin\jdk8u241\331\hotspot\src\share
Event: 7.014 Thread 0x000000005b34f000 Exception <a 'java/lang/ClassNotFoundException': org/springframework/context/ApplicationContextAwareCustomizer> (0x00000000d8c13ed0) thrown at [C:\ade\jenkins\workspace\8-2-build-windows-amd64-cygwin\jdk8u241\331\hotspot\src\share\vm\classfile\systemDicti
Event: 7.015 Thread 0x000000005b34f000 Exception <a 'java/lang/ClassNotFoundException': org/springframework/beans/factory/AwareCustomizer> (0x00000000d8c367d8) thrown at [C:\ade\jenkins\workspace\8-2-build-windows-amd64-cygwin\jdk8u241\331\hotspot\src\share\vm\classfile\systemDictionary.cpp, l
Event: 7.015 Thread 0x000000005b34f000 Exception <a 'java/lang/ClassNotFoundException': org/springframework/context/ApplicationListenerCustomizer> (0x00000000d8c5b2e0) thrown at [C:\ade\jenkins\workspace\8-2-build-windows-amd64-cygwin\jdk8u241\331\hotspot\src\share\vm\classfile\systemDictionar
Event: 7.017 Thread 0x000000005b34f000 Exception <a 'java/lang/ClassNotFoundException': java/util/EventListenerCustomizer> (0x00000000d8c6a090) thrown at [C:\ade\jenkins\workspace\8-2-build-windows-amd64-cygwin\jdk8u241\331\hotspot\src\share\vm\classfile\systemDictionary.cpp, line 210]
Event: 7.017 Thread 0x000000005b34f000 Exception <a 'java/lang/ClassNotFoundException': java/lang/ObjectCustomizer> (0x00000000d8c827f0) thrown at [C:\ade\jenkins\workspace\8-2-build-windows-amd64-cygwin\jdk8u241\331\hotspot\src\share\vm\classfile\systemDictionary.cpp, line 210]
Event: 7.018 Thread 0x000000005b34f000 Exception <a 'java/lang/ClassNotFoundException': org/springframework/jmx/export/metadata/AbstractJmxAttributeCustomizer> (0x00000000d8cb0938) thrown at [C:\ade\jenkins\workspace\8-2-build-windows-amd64-cygwin\jdk8u241\331\hotspot\src\share\vm\classfile\sy
Event: 7.018 Thread 0x000000005b34f000 Exception <a 'java/lang/ClassNotFoundException': org/springframework/jmx/export/metadata/ManagedAttributeCustomizer> (0x00000000d8cde730) thrown at [C:\ade\jenkins\workspace\8-2-build-windows-amd64-cygwin\jdk8u241\331\hotspot\src\share\vm\classfile\system

Events (10 events):
Event: 7.162 loading class org/springframework/boot/system/JavaVersion done
Event: 7.163 loading class java/security/cert/URICertStoreParameters
Event: 7.163 loading class java/security/cert/URICertStoreParameters done
Event: 7.163 loading class java/security/cert$URICertStoreParameters
Event: 7.163 loading class java/security/cert$URICertStoreParameters done
Event: 7.163 loading class java/util/WeakHashMap$KeyIterator
Event: 7.163 loading class java/util/WeakHashMap$KeyIterator done
Event: 7.164 Thread 0x000000005b38e000 Thread exited: 0x000000005b38e000
Event: 7.164 Thread 0x0000000002410000 Thread exited: 0x0000000002410000
Event: 7.164 Thread 0x000000005a05b000 Thread added: 0x000000005a05b000


Dynamic libraries:
0x000000013fa50000 - 0x000000013fa87000 	D:\itool\work\java\jdk\bin\java.exe
0x0000000077ba0000 - 0x0000000077d49000 	C:\windows\SYSTEM32\ntdll.dll
0x0000000077a80000 - 0x0000000077b9f000 	C:\windows\system32\kernel32.dll
0x000007fefdba0000 - 0x000007fefdc0c000 	C:\windows\system32\KERNELBASE.dll
0x000007feff370000 - 0x000007feff44b000 	C:\windows\system32\ADVAPI32.dll
0x000007feffb80000 - 0x000007feffc1f000 	C:\windows\system32\msvcrt.dll
0x000007feffc20000 - 0x000007feffc3f000 	C:\windows\SYSTEM32\sechost.dll
0x000007feff720000 - 0x000007feff84d000 	C:\windows\system32\RPCRT4.dll
0x0000000077840000 - 0x000000007793a000 	C:\windows\system32\USER32.dll
0x000007feff300000 - 0x000007feff367000 	C:\windows\system32\GDI32.dll
0x000007feffc40000 - 0x000007feffc4e000 	C:\windows\system32\LPK.dll
0x000007feffa20000 - 0x000007feffaea000 	C:\windows\system32\USP10.dll
0x000007fefc080000 - 0x000007fefc274000 	C:\windows\WinSxS\amd64_microsoft.windows.common-controls_6595b64144ccf1df_6.0.7601.18837_none_fa3b1e3d17594757\COMCTL32.dll
0x000007feffe30000 - 0x000007feffea1000 	C:\windows\system32\SHLWAPI.dll
0x000007feff9f0000 - 0x000007feffa1e000 	C:\windows\system32\IMM32.DLL
0x000007fefdf30000 - 0x000007fefe039000 	C:\windows\system32\MSCTF.dll
0x0000000078a30000 - 0x0000000078b02000 	D:\itool\work\java\jdk\jre\bin\msvcr100.dll
0x0000000007ea0000 - 0x000000000874c000 	D:\itool\work\java\jdk\jre\bin\server\jvm.dll
0x000007fef5500000 - 0x000007fef5509000 	C:\windows\system32\WSOCK32.dll
0x000007feff6d0000 - 0x000007feff71d000 	C:\windows\system32\WS2_32.dll
0x000007feff6c0000 - 0x000007feff6c8000 	C:\windows\system32\NSI.dll
0x000007fefdc10000 - 0x000007fefdc4b000 	C:\windows\system32\WINMM.dll
0x000007fefd450000 - 0x000007fefd45c000 	C:\windows\system32\VERSION.dll
0x0000000077d70000 - 0x0000000077d77000 	C:\windows\system32\PSAPI.DLL
0x000007fefc030000 - 0x000007fefc03f000 	D:\itool\work\java\jdk\jre\bin\verify.dll
0x000007feec5d0000 - 0x000007feec5f9000 	D:\itool\work\java\jdk\jre\bin\java.dll
0x000007feebad0000 - 0x000007feebaf3000 	D:\itool\work\java\jdk\jre\bin\instrument.dll
0x000007fef4880000 - 0x000007fef4896000 	D:\itool\work\java\jdk\jre\bin\zip.dll
0x000007fefe4d0000 - 0x000007feff259000 	C:\windows\system32\SHELL32.dll
0x000007fefdd20000 - 0x000007fefdf23000 	C:\windows\system32\ole32.dll
0x000007fefd870000 - 0x000007fefd87f000 	C:\windows\system32\profapi.dll
0x000007feec610000 - 0x000007feec62a000 	D:\itool\work\idea\IntelliJ IDEA 2019.3.1\bin\breakgen64.dll
0x000007fef48f0000 - 0x000007fef490a000 	D:\itool\work\java\jdk\jre\bin\net.dll
0x000007fefd030000 - 0x000007fefd085000 	C:\windows\system32\mswsock.dll
0x000007fefd020000 - 0x000007fefd027000 	C:\windows\System32\wship6.dll
0x000007fefa6e0000 - 0x000007fefa707000 	C:\windows\system32\IPHLPAPI.DLL
0x000007fefa6d0000 - 0x000007fefa6db000 	C:\windows\system32\WINNSI.DLL
0x000007fef9280000 - 0x000007fef9298000 	C:\windows\system32\dhcpcsvc.DLL
0x000007fef9240000 - 0x000007fef9251000 	C:\windows\system32\dhcpcsvc6.DLL
0x000007fefceb0000 - 0x000007fefcf0b000 	C:\windows\system32\DNSAPI.dll
0x000000006e4c0000 - 0x000000006e4e6000 	C:\Program Files\Bonjour\mdnsNSP.dll
0x000007fefca10000 - 0x000007fefca17000 	C:\windows\System32\wshtcpip.dll
0x000007fefb7a0000 - 0x000007fefb7a8000 	C:\windows\system32\rasadhlp.dll
0x000007fef9300000 - 0x000007fef9353000 	C:\windows\System32\fwpuclnt.dll
0x000007fefc020000 - 0x000007fefc02d000 	D:\itool\work\java\jdk\jre\bin\management.dll
0x000007fefb4f0000 - 0x000007fefb505000 	C:\windows\system32\NLAapi.dll
0x000007fef44f0000 - 0x000007fef4505000 	C:\windows\system32\napinsp.dll
0x000007fef44d0000 - 0x000007fef44e9000 	C:\windows\system32\pnrpnsp.dll
0x000007fef44c0000 - 0x000007fef44cb000 	C:\windows\System32\winrnr.dll
0x000007feec580000 - 0x000007feec592000 	D:\itool\work\java\jdk\jre\bin\nio.dll
0x000007fefd090000 - 0x000007fefd0a8000 	C:\windows\system32\CRYPTSP.dll
0x000007fefcd90000 - 0x000007fefcdd7000 	C:\windows\system32\rsaenh.dll
0x000007fefcb50000 - 0x000007fefcb6e000 	C:\windows\system32\USERENV.dll
0x000007fefd7a0000 - 0x000007fefd7af000 	C:\windows\system32\CRYPTBASE.dll

VM Arguments:
jvm_args: -javaagent:D:\itool\work\idea\IntelliJ IDEA 2019.3.1\lib\idea_rt.jar=54237:D:\itool\work\idea\IntelliJ IDEA 2019.3.1\bin -Dfile.encoding=UTF-8 
java_command: com.SpringCloudConsumerApplication
java_class_path (initial): D:\itool\work\java\jdk\jre\lib\charsets.jar;D:\itool\work\java\jdk\jre\lib\deploy.jar;D:\itool\work\java\jdk\jre\lib\ext\access-bridge-64.jar;D:\itool\work\java\jdk\jre\lib\ext\cldrdata.jar;D:\itool\work\java\jdk\jre\lib\ext\dnsns.jar;D:\itool\work\java\jdk\jre\lib\ext\jaccess.jar;D:\itool\work\java\jdk\jre\lib\ext\jfxrt.jar;D:\itool\work\java\jdk\jre\lib\ext\localedata.jar;D:\itool\work\java\jdk\jre\lib\ext\nashorn.jar;D:\itool\work\java\jdk\jre\lib\ext\sunec.jar;D:\itool\work\java\jdk\jre\lib\ext\sunjce_provider.jar;D:\itool\work\java\jdk\jre\lib\ext\sunmscapi.jar;D:\itool\work\java\jdk\jre\lib\ext\sunpkcs11.jar;D:\itool\work\java\jdk\jre\lib\ext\zipfs.jar;D:\itool\work\java\jdk\jre\lib\javaws.jar;D:\itool\work\java\jdk\jre\lib\jce.jar;D:\itool\work\java\jdk\jre\lib\jfr.jar;D:\itool\work\java\jdk\jre\lib\jfxswt.jar;D:\itool\work\java\jdk\jre\lib\jsse.jar;D:\itool\work\java\jdk\jre\lib\management-agent.jar;D:\itool\work\java\jdk\jre\lib\plugin.jar;D:\itool\work\java\jdk\jre\lib\resources.jar;D:\itool\work\java\jdk\jre\lib\rt.jar;F:\ideaProject\SpringCloud\springcloud-config-dept-feign-80\target\classes;F:\ideaProject\SpringCloud\springcloud-api\target\classes;C:\Users\Administrator\.m2\repository\org\projectlombok\lombok\1.16.18\lombok-1.16.18.jar;C:\Users\Administrator\.m2\repository\junit\junit\4.12\junit-4.12.jar;C:\Users\Administrator\.m2\repository\org\hamcrest\hamcrest-core\1.3\hamcrest-core-1.3.jar;C:\Users\Administrator\.m2\repository\org\springframework\boot\spring-boot-starter-web\2.1.4.RELEASE\spring-boot-starter-web-2.1.4.RELEASE.jar;C:\Users\Administrator\.m2\repository\org\springframework\boot\spring-boot-starter\2.1.4.RELEASE\spring-boot-starter-2.1.4.RELEASE.jar;C:\Users\Administrator\.m2\repository\org\springframework\boot\spring-boot-starter-logging\2.1.4.RELEASE\spring-boot-starter-logging-2.1.4.RELEASE.jar;C:\Users\Administrator\.m2\repository\ch\qos\logback\logback-classic\1.2.3\logback-classic-1.2.3.jar;C:\Users\Ad
Launcher Type: SUN_STANDARD

Environment Variables:
JAVA_HOME=D:\itool\work\java\jdk
CLASSPATH=.;D:\itool\work\java\jdk\lib;D:\itool\work\java\jdk\lib\tools.jar
PATH=C:\Program Files (x86)\Common Files\Oracle\Java\javapath;D:\itool\work\Xshell6\;C:\windows\system32;C:\windows;C:\windows\System32\Wbem;C:\windows\System32\WindowsPowerShell\v1.0\D:\itool\work\java\jdk\bin;D:\itool\work\java\jdk\bin;D:\itool\work\java\jdk\jre\bin;D:\itool\work\maven\apache-maven-3.3.9\bin;F:\tomcat\apache-tomcat-7.0.94\bin;F:\tomcat\apache-tomcat-7.0.94\lib;D:\itool\work\mysql\bin;D:\itool\work\node\;D:\itool\work\RabbitMQ\erlang\erl10.5\bin;D:\itool\work\RabbitMQ\rabbitmq\rabbitmq_server-3.8.2\sbin;F:\tomcat\apache-tomcat-7.0.94\bin;E:\PHP2222\AppServ\Apache2.2\bin;E:\PHP2222\AppServ\php5;E:\PHP2222\AppServ\MySQL\bin;C:\Users\Administrator\AppData\Local\BypassRuntm;C:\Users\Administrator\AppData\Roaming\npm;D:\itool\work\idea\IntelliJ IDEA 2019.3.1\bin;
USERNAME=Administrator
OS=Windows_NT
PROCESSOR_IDENTIFIER=Intel64 Family 6 Model 94 Stepping 3, GenuineIntel



---------------  S Y S T E M  ---------------

OS: Windows 7 , 64 bit Build 7601 (6.1.7601.19110)

CPU:total 4 (initial active 4) (4 cores per cpu, 1 threads per core) family 6 model 94 stepping 3, cmov, cx8, fxsr, mmx, sse, sse2, sse3, ssse3, sse4.1, sse4.2, popcnt, avx, avx2, aes, clmul, erms, rtm, 3dnowpref, lzcnt, tsc, tscinvbit, bmi1, bmi2, adx

Memory: 4k page, physical 8307472k(469540k free), swap 12499940k(5856k free)

vm_info: Java HotSpot(TM) 64-Bit Server VM (25.241-b07) for windows-amd64 JRE (1.8.0_241-b07), built on Dec 11 2019 10:21:40 by "rejava" with MS VC++ 10.0 (VS2010)

time: Thu Jul 16 18:49:14 2020
timezone: 中国标准时间
elapsed time: 7 seconds (0d 0h 0m 7s)

